{"C:\\Users\\ajayt\\d-app\\client\\app\\+not-found.tsx": {"path":"C:\\Users\\ajayt\\d-app\\client\\app\\+not-found.tsx","statementMap":{"0":{"start":{"line":8,"column":2},"end":{"line":18,"column":4}},"1":{"start":{"line":21,"column":15},"end":{"line":32,"column":2}}},"fnMap":{"0":{"name":"NotFoundScreen","decl":{"start":{"line":7,"column":24},"end":{"line":7,"column":38}},"loc":{"start":{"line":7,"column":41},"end":{"line":19,"column":1}},"line":7}},"branchMap":{},"s":{"0":0,"1":0},"f":{"0":0},"b":{}}
,"C:\\Users\\ajayt\\d-app\\client\\app\\_layout.tsx": {"path":"C:\\Users\\ajayt\\d-app\\client\\app\\_layout.tsx","statementMap":{"0":{"start":{"line":11,"column":22},"end":{"line":11,"column":38}},"1":{"start":{"line":12,"column":19},"end":{"line":14,"column":4}},"2":{"start":{"line":16,"column":2},"end":{"line":25,"column":9}},"3":{"start":{"line":18,"column":4},"end":{"line":24,"column":5}},"4":{"start":{"line":19,"column":17},"end":{"line":19,"column":48}},"5":{"start":{"line":20,"column":6},"end":{"line":20,"column":17}},"6":{"start":{"line":21,"column":6},"end":{"line":21,"column":18}},"7":{"start":{"line":22,"column":6},"end":{"line":22,"column":35}},"8":{"start":{"line":23,"column":6},"end":{"line":23,"column":39}},"9":{"start":{"line":27,"column":2},"end":{"line":30,"column":3}},"10":{"start":{"line":29,"column":4},"end":{"line":29,"column":16}},"11":{"start":{"line":32,"column":2},"end":{"line":46,"column":4}}},"fnMap":{"0":{"name":"RootLayout","decl":{"start":{"line":10,"column":24},"end":{"line":10,"column":34}},"loc":{"start":{"line":10,"column":37},"end":{"line":47,"column":1}},"line":10},"1":{"name":"(anonymous_1)","decl":{"start":{"line":16,"column":12},"end":{"line":16,"column":13}},"loc":{"start":{"line":16,"column":18},"end":{"line":25,"column":3}},"line":16}},"branchMap":{"0":{"loc":{"start":{"line":18,"column":4},"end":{"line":24,"column":5}},"type":"if","locations":[{"start":{"line":18,"column":4},"end":{"line":24,"column":5}},{"start":{},"end":{}}],"line":18},"1":{"loc":{"start":{"line":18,"column":8},"end":{"line":18,"column":100}},"type":"binary-expr","locations":[{"start":{"line":18,"column":8},"end":{"line":18,"column":37}},{"start":{"line":18,"column":41},"end":{"line":18,"column":65}},{"start":{"line":18,"column":69},"end":{"line":18,"column":100}}],"line":18},"2":{"loc":{"start":{"line":27,"column":2},"end":{"line":30,"column":3}},"type":"if","locations":[{"start":{"line":27,"column":2},"end":{"line":30,"column":3}},{"start":{},"end":{}}],"line":27},"3":{"loc":{"start":{"line":34,"column":28},"end":{"line":34,"column":77}},"type":"cond-expr","locations":[{"start":{"line":34,"column":53},"end":{"line":34,"column":62}},{"start":{"line":34,"column":65},"end":{"line":34,"column":77}}],"line":34}},"s":{"0":0,"1":0,"2":0,"3":0,"4":0,"5":0,"6":0,"7":0,"8":0,"9":0,"10":0,"11":0},"f":{"0":0,"1":0},"b":{"0":[0,0],"1":[0,0,0],"2":[0,0],"3":[0,0]}}
,"C:\\Users\\ajayt\\d-app\\client\\app\\checkout-fixed.tsx": {"path":"C:\\Users\\ajayt\\d-app\\client\\app\\checkout-fixed.tsx","statementMap":{"0":{"start":{"line":13,"column":40},"end":{"line":13,"column":62}},"1":{"start":{"line":14,"column":36},"end":{"line":14,"column":59}},"2":{"start":{"line":15,"column":32},"end":{"line":15,"column":46}},"3":{"start":{"line":17,"column":24},"end":{"line":82,"column":22}},"4":{"start":{"line":18,"column":4},"end":{"line":81,"column":5}},"5":{"start":{"line":19,"column":6},"end":{"line":19,"column":23}},"6":{"start":{"line":20,"column":6},"end":{"line":20,"column":43}},"7":{"start":{"line":23,"column":6},"end":{"line":74,"column":7}},"8":{"start":{"line":24,"column":8},"end":{"line":24,"column":47}},"9":{"start":{"line":25,"column":8},"end":{"line":56,"column":9}},"10":{"start":{"line":27,"column":31},"end":{"line":27,"column":65}},"11":{"start":{"line":28,"column":10},"end":{"line":28,"column":54}},"12":{"start":{"line":30,"column":30},"end":{"line":30,"column":54}},"13":{"start":{"line":31,"column":10},"end":{"line":31,"column":52}},"14":{"start":{"line":33,"column":31},"end":{"line":37,"column":13}},"15":{"start":{"line":33,"column":63},"end":{"line":37,"column":11}},"16":{"start":{"line":38,"column":10},"end":{"line":38,"column":37}},"17":{"start":{"line":39,"column":10},"end":{"line":39,"column":74}},"18":{"start":{"line":41,"column":10},"end":{"line":41,"column":69}},"19":{"start":{"line":43,"column":29},"end":{"line":43,"column":68}},"20":{"start":{"line":44,"column":10},"end":{"line":55,"column":11}},"21":{"start":{"line":45,"column":32},"end":{"line":45,"column":54}},"22":{"start":{"line":46,"column":33},"end":{"line":50,"column":15}},"23":{"start":{"line":46,"column":65},"end":{"line":50,"column":13}},"24":{"start":{"line":51,"column":12},"end":{"line":51,"column":39}},"25":{"start":{"line":52,"column":12},"end":{"line":52,"column":102}},"26":{"start":{"line":54,"column":12},"end":{"line":54,"column":29}},"27":{"start":{"line":59,"column":8},"end":{"line":59,"column":49}},"28":{"start":{"line":60,"column":27},"end":{"line":60,"column":66}},"29":{"start":{"line":61,"column":8},"end":{"line":73,"column":9}},"30":{"start":{"line":62,"column":30},"end":{"line":62,"column":52}},"31":{"start":{"line":63,"column":31},"end":{"line":67,"column":13}},"32":{"start":{"line":63,"column":63},"end":{"line":67,"column":11}},"33":{"start":{"line":68,"column":10},"end":{"line":68,"column":37}},"34":{"start":{"line":69,"column":10},"end":{"line":69,"column":78}},"35":{"start":{"line":71,"column":10},"end":{"line":71,"column":45}},"36":{"start":{"line":72,"column":10},"end":{"line":72,"column":27}},"37":{"start":{"line":76,"column":6},"end":{"line":76,"column":56}},"38":{"start":{"line":77,"column":6},"end":{"line":77,"column":75}},"39":{"start":{"line":78,"column":6},"end":{"line":78,"column":23}},"40":{"start":{"line":80,"column":6},"end":{"line":80,"column":24}},"41":{"start":{"line":84,"column":2},"end":{"line":86,"column":22}},"42":{"start":{"line":85,"column":4},"end":{"line":85,"column":20}},"43":{"start":{"line":88,"column":2},"end":{"line":92,"column":4}},"44":{"start":{"line":90,"column":6},"end":{"line":90,"column":22}},"45":{"start":{"line":94,"column":27},"end":{"line":116,"column":3}},"46":{"start":{"line":95,"column":4},"end":{"line":115,"column":6}},"47":{"start":{"line":104,"column":12},"end":{"line":111,"column":13}},"48":{"start":{"line":105,"column":35},"end":{"line":105,"column":76}},"49":{"start":{"line":105,"column":60},"end":{"line":105,"column":75}},"50":{"start":{"line":106,"column":14},"end":{"line":106,"column":41}},"51":{"start":{"line":107,"column":14},"end":{"line":107,"column":84}},"52":{"start":{"line":109,"column":14},"end":{"line":109,"column":69}},"53":{"start":{"line":110,"column":14},"end":{"line":110,"column":89}},"54":{"start":{"line":118,"column":27},"end":{"line":120,"column":3}},"55":{"start":{"line":119,"column":4},"end":{"line":119,"column":18}},"56":{"start":{"line":122,"column":24},"end":{"line":128,"column":3}},"57":{"start":{"line":123,"column":4},"end":{"line":126,"column":5}},"58":{"start":{"line":124,"column":6},"end":{"line":124,"column":82}},"59":{"start":{"line":125,"column":6},"end":{"line":125,"column":13}},"60":{"start":{"line":127,"column":4},"end":{"line":127,"column":79}},"61":{"start":{"line":130,"column":24},"end":{"line":132,"column":3}},"62":{"start":{"line":131,"column":4},"end":{"line":131,"column":104}},"63":{"start":{"line":131,"column":45},"end":{"line":131,"column":88}},"64":{"start":{"line":134,"column":25},"end":{"line":152,"column":3}},"65":{"start":{"line":135,"column":4},"end":{"line":151,"column":11}},"66":{"start":{"line":148,"column":39},"end":{"line":148,"column":65}},"67":{"start":{"line":154,"column":2},"end":{"line":162,"column":3}},"68":{"start":{"line":155,"column":4},"end":{"line":161,"column":6}},"69":{"start":{"line":164,"column":2},"end":{"line":220,"column":4}},"70":{"start":{"line":190,"column":38},"end":{"line":190,"column":46}},"71":{"start":{"line":223,"column":15},"end":{"line":408,"column":2}}},"fnMap":{"0":{"name":"CheckoutScreen","decl":{"start":{"line":12,"column":24},"end":{"line":12,"column":38}},"loc":{"start":{"line":12,"column":41},"end":{"line":221,"column":1}},"line":12},"1":{"name":"(anonymous_1)","decl":{"start":{"line":17,"column":36},"end":{"line":17,"column":37}},"loc":{"start":{"line":17,"column":48},"end":{"line":82,"column":3}},"line":17},"2":{"name":"(anonymous_2)","decl":{"start":{"line":33,"column":47},"end":{"line":33,"column":48}},"loc":{"start":{"line":33,"column":63},"end":{"line":37,"column":11}},"line":33},"3":{"name":"(anonymous_3)","decl":{"start":{"line":46,"column":49},"end":{"line":46,"column":50}},"loc":{"start":{"line":46,"column":65},"end":{"line":50,"column":13}},"line":46},"4":{"name":"(anonymous_4)","decl":{"start":{"line":63,"column":47},"end":{"line":63,"column":48}},"loc":{"start":{"line":63,"column":63},"end":{"line":67,"column":11}},"line":63},"5":{"name":"(anonymous_5)","decl":{"start":{"line":84,"column":12},"end":{"line":84,"column":13}},"loc":{"start":{"line":84,"column":18},"end":{"line":86,"column":3}},"line":84},"6":{"name":"(anonymous_6)","decl":{"start":{"line":89,"column":16},"end":{"line":89,"column":17}},"loc":{"start":{"line":89,"column":22},"end":{"line":91,"column":5}},"line":89},"7":{"name":"(anonymous_7)","decl":{"start":{"line":94,"column":27},"end":{"line":94,"column":28}},"loc":{"start":{"line":94,"column":43},"end":{"line":116,"column":3}},"line":94},"8":{"name":"(anonymous_8)","decl":{"start":{"line":103,"column":19},"end":{"line":103,"column":20}},"loc":{"start":{"line":103,"column":31},"end":{"line":112,"column":11}},"line":103},"9":{"name":"(anonymous_9)","decl":{"start":{"line":105,"column":52},"end":{"line":105,"column":53}},"loc":{"start":{"line":105,"column":60},"end":{"line":105,"column":75}},"line":105},"10":{"name":"(anonymous_10)","decl":{"start":{"line":118,"column":27},"end":{"line":118,"column":28}},"loc":{"start":{"line":118,"column":33},"end":{"line":120,"column":3}},"line":118},"11":{"name":"(anonymous_11)","decl":{"start":{"line":122,"column":24},"end":{"line":122,"column":25}},"loc":{"start":{"line":122,"column":30},"end":{"line":128,"column":3}},"line":122},"12":{"name":"(anonymous_12)","decl":{"start":{"line":130,"column":24},"end":{"line":130,"column":25}},"loc":{"start":{"line":130,"column":30},"end":{"line":132,"column":3}},"line":130},"13":{"name":"(anonymous_13)","decl":{"start":{"line":131,"column":28},"end":{"line":131,"column":29}},"loc":{"start":{"line":131,"column":45},"end":{"line":131,"column":88}},"line":131},"14":{"name":"(anonymous_14)","decl":{"start":{"line":134,"column":25},"end":{"line":134,"column":26}},"loc":{"start":{"line":135,"column":4},"end":{"line":151,"column":11}},"line":135},"15":{"name":"(anonymous_15)","decl":{"start":{"line":148,"column":33},"end":{"line":148,"column":34}},"loc":{"start":{"line":148,"column":39},"end":{"line":148,"column":65}},"line":148},"16":{"name":"(anonymous_16)","decl":{"start":{"line":190,"column":28},"end":{"line":190,"column":29}},"loc":{"start":{"line":190,"column":38},"end":{"line":190,"column":46}},"line":190}},"branchMap":{"0":{"loc":{"start":{"line":23,"column":6},"end":{"line":74,"column":7}},"type":"if","locations":[{"start":{"line":23,"column":6},"end":{"line":74,"column":7}},{"start":{"line":57,"column":13},"end":{"line":74,"column":7}}],"line":23},"1":{"loc":{"start":{"line":23,"column":10},"end":{"line":23,"column":62}},"type":"binary-expr","locations":[{"start":{"line":23,"column":10},"end":{"line":23,"column":24}},{"start":{"line":23,"column":28},"end":{"line":23,"column":62}}],"line":23},"2":{"loc":{"start":{"line":35,"column":22},"end":{"line":35,"column":40}},"type":"binary-expr","locations":[{"start":{"line":35,"column":22},"end":{"line":35,"column":35}},{"start":{"line":35,"column":39},"end":{"line":35,"column":40}}],"line":35},"3":{"loc":{"start":{"line":36,"column":19},"end":{"line":36,"column":87}},"type":"cond-expr","locations":[{"start":{"line":36,"column":52},"end":{"line":36,"column":74}},{"start":{"line":36,"column":77},"end":{"line":36,"column":87}}],"line":36},"4":{"loc":{"start":{"line":44,"column":10},"end":{"line":55,"column":11}},"type":"if","locations":[{"start":{"line":44,"column":10},"end":{"line":55,"column":11}},{"start":{"line":53,"column":17},"end":{"line":55,"column":11}}],"line":44},"5":{"loc":{"start":{"line":48,"column":24},"end":{"line":48,"column":42}},"type":"binary-expr","locations":[{"start":{"line":48,"column":24},"end":{"line":48,"column":37}},{"start":{"line":48,"column":41},"end":{"line":48,"column":42}}],"line":48},"6":{"loc":{"start":{"line":49,"column":21},"end":{"line":49,"column":89}},"type":"cond-expr","locations":[{"start":{"line":49,"column":54},"end":{"line":49,"column":76}},{"start":{"line":49,"column":79},"end":{"line":49,"column":89}}],"line":49},"7":{"loc":{"start":{"line":61,"column":8},"end":{"line":73,"column":9}},"type":"if","locations":[{"start":{"line":61,"column":8},"end":{"line":73,"column":9}},{"start":{"line":70,"column":15},"end":{"line":73,"column":9}}],"line":61},"8":{"loc":{"start":{"line":65,"column":22},"end":{"line":65,"column":40}},"type":"binary-expr","locations":[{"start":{"line":65,"column":22},"end":{"line":65,"column":35}},{"start":{"line":65,"column":39},"end":{"line":65,"column":40}}],"line":65},"9":{"loc":{"start":{"line":66,"column":19},"end":{"line":66,"column":87}},"type":"cond-expr","locations":[{"start":{"line":66,"column":52},"end":{"line":66,"column":74}},{"start":{"line":66,"column":77},"end":{"line":66,"column":87}}],"line":66},"10":{"loc":{"start":{"line":123,"column":4},"end":{"line":126,"column":5}},"type":"if","locations":[{"start":{"line":123,"column":4},"end":{"line":126,"column":5}},{"start":{},"end":{}}],"line":123},"11":{"loc":{"start":{"line":131,"column":68},"end":{"line":131,"column":86}},"type":"binary-expr","locations":[{"start":{"line":131,"column":68},"end":{"line":131,"column":81}},{"start":{"line":131,"column":85},"end":{"line":131,"column":86}}],"line":131},"12":{"loc":{"start":{"line":136,"column":7},"end":{"line":140,"column":7}},"type":"cond-expr","locations":[{"start":{"line":137,"column":8},"end":{"line":137,"column":71}},{"start":{"line":139,"column":8},"end":{"line":139,"column":83}}],"line":136},"13":{"loc":{"start":{"line":143,"column":58},"end":{"line":143,"column":76}},"type":"binary-expr","locations":[{"start":{"line":143,"column":58},"end":{"line":143,"column":67}},{"start":{"line":143,"column":71},"end":{"line":143,"column":76}}],"line":143},"14":{"loc":{"start":{"line":144,"column":59},"end":{"line":144,"column":78}},"type":"binary-expr","locations":[{"start":{"line":144,"column":59},"end":{"line":144,"column":69}},{"start":{"line":144,"column":73},"end":{"line":144,"column":78}}],"line":144},"15":{"loc":{"start":{"line":145,"column":62},"end":{"line":145,"column":80}},"type":"binary-expr","locations":[{"start":{"line":145,"column":62},"end":{"line":145,"column":75}},{"start":{"line":145,"column":79},"end":{"line":145,"column":80}}],"line":145},"16":{"loc":{"start":{"line":147,"column":60},"end":{"line":147,"column":78}},"type":"binary-expr","locations":[{"start":{"line":147,"column":60},"end":{"line":147,"column":73}},{"start":{"line":147,"column":77},"end":{"line":147,"column":78}}],"line":147},"17":{"loc":{"start":{"line":154,"column":2},"end":{"line":162,"column":3}},"type":"if","locations":[{"start":{"line":154,"column":2},"end":{"line":162,"column":3}},{"start":{},"end":{}}],"line":154},"18":{"loc":{"start":{"line":175,"column":7},"end":{"line":218,"column":7}},"type":"cond-expr","locations":[{"start":{"line":176,"column":8},"end":{"line":182,"column":15}},{"start":{"line":184,"column":8},"end":{"line":217,"column":21}}],"line":175}},"s":{"0":0,"1":0,"2":0,"3":0,"4":0,"5":0,"6":0,"7":0,"8":0,"9":0,"10":0,"11":0,"12":0,"13":0,"14":0,"15":0,"16":0,"17":0,"18":0,"19":0,"20":0,"21":0,"22":0,"23":0,"24":0,"25":0,"26":0,"27":0,"28":0,"29":0,"30":0,"31":0,"32":0,"33":0,"34":0,"35":0,"36":0,"37":0,"38":0,"39":0,"40":0,"41":0,"42":0,"43":0,"44":0,"45":0,"46":0,"47":0,"48":0,"49":0,"50":0,"51":0,"52":0,"53":0,"54":0,"55":0,"56":0,"57":0,"58":0,"59":0,"60":0,"61":0,"62":0,"63":0,"64":0,"65":0,"66":0,"67":0,"68":0,"69":0,"70":0,"71":0},"f":{"0":0,"1":0,"2":0,"3":0,"4":0,"5":0,"6":0,"7":0,"8":0,"9":0,"10":0,"11":0,"12":0,"13":0,"14":0,"15":0,"16":0},"b":{"0":[0,0],"1":[0,0],"2":[0,0],"3":[0,0],"4":[0,0],"5":[0,0],"6":[0,0],"7":[0,0],"8":[0,0],"9":[0,0],"10":[0,0],"11":[0,0],"12":[0,0],"13":[0,0],"14":[0,0],"15":[0,0],"16":[0,0],"17":[0,0],"18":[0,0]}}
,"C:\\Users\\ajayt\\d-app\\client\\app\\checkout-smart-contract.tsx": {"path":"C:\\Users\\ajayt\\d-app\\client\\app\\checkout-smart-contract.tsx","statementMap":{"0":{"start":{"line":14,"column":42},"end":{"line":18,"column":1}},"1":{"start":{"line":21,"column":40},"end":{"line":21,"column":62}},"2":{"start":{"line":22,"column":36},"end":{"line":22,"column":59}},"3":{"start":{"line":23,"column":32},"end":{"line":23,"column":46}},"4":{"start":{"line":24,"column":52},"end":{"line":24,"column":67}},"5":{"start":{"line":26,"column":24},"end":{"line":90,"column":22}},"6":{"start":{"line":27,"column":4},"end":{"line":89,"column":5}},"7":{"start":{"line":28,"column":6},"end":{"line":28,"column":23}},"8":{"start":{"line":29,"column":6},"end":{"line":29,"column":43}},"9":{"start":{"line":32,"column":6},"end":{"line":82,"column":7}},"10":{"start":{"line":33,"column":8},"end":{"line":33,"column":47}},"11":{"start":{"line":34,"column":8},"end":{"line":64,"column":9}},"12":{"start":{"line":35,"column":31},"end":{"line":35,"column":65}},"13":{"start":{"line":36,"column":10},"end":{"line":36,"column":54}},"14":{"start":{"line":38,"column":30},"end":{"line":38,"column":54}},"15":{"start":{"line":39,"column":10},"end":{"line":39,"column":52}},"16":{"start":{"line":41,"column":31},"end":{"line":45,"column":13}},"17":{"start":{"line":41,"column":63},"end":{"line":45,"column":11}},"18":{"start":{"line":46,"column":10},"end":{"line":46,"column":37}},"19":{"start":{"line":47,"column":10},"end":{"line":47,"column":74}},"20":{"start":{"line":49,"column":10},"end":{"line":49,"column":69}},"21":{"start":{"line":51,"column":29},"end":{"line":51,"column":68}},"22":{"start":{"line":52,"column":10},"end":{"line":63,"column":11}},"23":{"start":{"line":53,"column":32},"end":{"line":53,"column":54}},"24":{"start":{"line":54,"column":33},"end":{"line":58,"column":15}},"25":{"start":{"line":54,"column":65},"end":{"line":58,"column":13}},"26":{"start":{"line":59,"column":12},"end":{"line":59,"column":39}},"27":{"start":{"line":60,"column":12},"end":{"line":60,"column":102}},"28":{"start":{"line":62,"column":12},"end":{"line":62,"column":29}},"29":{"start":{"line":67,"column":8},"end":{"line":67,"column":49}},"30":{"start":{"line":68,"column":27},"end":{"line":68,"column":66}},"31":{"start":{"line":69,"column":8},"end":{"line":81,"column":9}},"32":{"start":{"line":70,"column":30},"end":{"line":70,"column":52}},"33":{"start":{"line":71,"column":31},"end":{"line":75,"column":13}},"34":{"start":{"line":71,"column":63},"end":{"line":75,"column":11}},"35":{"start":{"line":76,"column":10},"end":{"line":76,"column":37}},"36":{"start":{"line":77,"column":10},"end":{"line":77,"column":78}},"37":{"start":{"line":79,"column":10},"end":{"line":79,"column":45}},"38":{"start":{"line":80,"column":10},"end":{"line":80,"column":27}},"39":{"start":{"line":84,"column":6},"end":{"line":84,"column":56}},"40":{"start":{"line":85,"column":6},"end":{"line":85,"column":75}},"41":{"start":{"line":86,"column":6},"end":{"line":86,"column":23}},"42":{"start":{"line":88,"column":6},"end":{"line":88,"column":24}},"43":{"start":{"line":92,"column":2},"end":{"line":94,"column":22}},"44":{"start":{"line":93,"column":4},"end":{"line":93,"column":20}},"45":{"start":{"line":96,"column":2},"end":{"line":100,"column":4}},"46":{"start":{"line":98,"column":6},"end":{"line":98,"column":22}},"47":{"start":{"line":102,"column":27},"end":{"line":124,"column":3}},"48":{"start":{"line":103,"column":4},"end":{"line":123,"column":6}},"49":{"start":{"line":112,"column":12},"end":{"line":119,"column":13}},"50":{"start":{"line":113,"column":35},"end":{"line":113,"column":76}},"51":{"start":{"line":113,"column":60},"end":{"line":113,"column":75}},"52":{"start":{"line":114,"column":14},"end":{"line":114,"column":41}},"53":{"start":{"line":115,"column":14},"end":{"line":115,"column":84}},"54":{"start":{"line":117,"column":14},"end":{"line":117,"column":69}},"55":{"start":{"line":118,"column":14},"end":{"line":118,"column":89}},"56":{"start":{"line":126,"column":27},"end":{"line":128,"column":3}},"57":{"start":{"line":127,"column":4},"end":{"line":127,"column":18}},"58":{"start":{"line":130,"column":24},"end":{"line":152,"column":3}},"59":{"start":{"line":131,"column":4},"end":{"line":134,"column":5}},"60":{"start":{"line":132,"column":6},"end":{"line":132,"column":82}},"61":{"start":{"line":133,"column":6},"end":{"line":133,"column":13}},"62":{"start":{"line":136,"column":24},"end":{"line":136,"column":51}},"63":{"start":{"line":138,"column":4},"end":{"line":151,"column":6}},"64":{"start":{"line":147,"column":12},"end":{"line":147,"column":35}},"65":{"start":{"line":154,"column":25},"end":{"line":205,"column":3}},"66":{"start":{"line":155,"column":4},"end":{"line":204,"column":5}},"67":{"start":{"line":156,"column":6},"end":{"line":156,"column":33}},"68":{"start":{"line":159,"column":29},"end":{"line":161,"column":18}},"69":{"start":{"line":160,"column":8},"end":{"line":160,"column":111}},"70":{"start":{"line":164,"column":27},"end":{"line":164,"column":101}},"71":{"start":{"line":166,"column":24},"end":{"line":169,"column":7}},"72":{"start":{"line":171,"column":6},"end":{"line":171,"column":58}},"73":{"start":{"line":174,"column":21},"end":{"line":174,"column":60}},"74":{"start":{"line":176,"column":6},"end":{"line":198,"column":7}},"75":{"start":{"line":177,"column":24},"end":{"line":177,"column":38}},"76":{"start":{"line":178,"column":8},"end":{"line":178,"column":68}},"77":{"start":{"line":180,"column":8},"end":{"line":194,"column":10}},"78":{"start":{"line":188,"column":16},"end":{"line":188,"column":33}},"79":{"start":{"line":189,"column":16},"end":{"line":189,"column":53}},"80":{"start":{"line":190,"column":16},"end":{"line":190,"column":44}},"81":{"start":{"line":196,"column":8},"end":{"line":196,"column":63}},"82":{"start":{"line":197,"column":8},"end":{"line":197,"column":80}},"83":{"start":{"line":200,"column":6},"end":{"line":200,"column":56}},"84":{"start":{"line":201,"column":6},"end":{"line":201,"column":100}},"85":{"start":{"line":203,"column":6},"end":{"line":203,"column":34}},"86":{"start":{"line":207,"column":24},"end":{"line":209,"column":3}},"87":{"start":{"line":208,"column":4},"end":{"line":208,"column":104}},"88":{"start":{"line":208,"column":45},"end":{"line":208,"column":88}},"89":{"start":{"line":211,"column":25},"end":{"line":229,"column":3}},"90":{"start":{"line":212,"column":4},"end":{"line":228,"column":11}},"91":{"start":{"line":225,"column":39},"end":{"line":225,"column":65}},"92":{"start":{"line":231,"column":2},"end":{"line":239,"column":3}},"93":{"start":{"line":232,"column":4},"end":{"line":238,"column":6}},"94":{"start":{"line":241,"column":2},"end":{"line":317,"column":4}},"95":{"start":{"line":267,"column":38},"end":{"line":267,"column":46}},"96":{"start":{"line":320,"column":15},"end":{"line":531,"column":2}}},"fnMap":{"0":{"name":"CheckoutScreen","decl":{"start":{"line":20,"column":24},"end":{"line":20,"column":38}},"loc":{"start":{"line":20,"column":41},"end":{"line":318,"column":1}},"line":20},"1":{"name":"(anonymous_1)","decl":{"start":{"line":26,"column":36},"end":{"line":26,"column":37}},"loc":{"start":{"line":26,"column":48},"end":{"line":90,"column":3}},"line":26},"2":{"name":"(anonymous_2)","decl":{"start":{"line":41,"column":47},"end":{"line":41,"column":48}},"loc":{"start":{"line":41,"column":63},"end":{"line":45,"column":11}},"line":41},"3":{"name":"(anonymous_3)","decl":{"start":{"line":54,"column":49},"end":{"line":54,"column":50}},"loc":{"start":{"line":54,"column":65},"end":{"line":58,"column":13}},"line":54},"4":{"name":"(anonymous_4)","decl":{"start":{"line":71,"column":47},"end":{"line":71,"column":48}},"loc":{"start":{"line":71,"column":63},"end":{"line":75,"column":11}},"line":71},"5":{"name":"(anonymous_5)","decl":{"start":{"line":92,"column":12},"end":{"line":92,"column":13}},"loc":{"start":{"line":92,"column":18},"end":{"line":94,"column":3}},"line":92},"6":{"name":"(anonymous_6)","decl":{"start":{"line":97,"column":16},"end":{"line":97,"column":17}},"loc":{"start":{"line":97,"column":22},"end":{"line":99,"column":5}},"line":97},"7":{"name":"(anonymous_7)","decl":{"start":{"line":102,"column":27},"end":{"line":102,"column":28}},"loc":{"start":{"line":102,"column":43},"end":{"line":124,"column":3}},"line":102},"8":{"name":"(anonymous_8)","decl":{"start":{"line":111,"column":19},"end":{"line":111,"column":20}},"loc":{"start":{"line":111,"column":31},"end":{"line":120,"column":11}},"line":111},"9":{"name":"(anonymous_9)","decl":{"start":{"line":113,"column":52},"end":{"line":113,"column":53}},"loc":{"start":{"line":113,"column":60},"end":{"line":113,"column":75}},"line":113},"10":{"name":"(anonymous_10)","decl":{"start":{"line":126,"column":27},"end":{"line":126,"column":28}},"loc":{"start":{"line":126,"column":33},"end":{"line":128,"column":3}},"line":126},"11":{"name":"(anonymous_11)","decl":{"start":{"line":130,"column":24},"end":{"line":130,"column":25}},"loc":{"start":{"line":130,"column":36},"end":{"line":152,"column":3}},"line":130},"12":{"name":"(anonymous_12)","decl":{"start":{"line":146,"column":19},"end":{"line":146,"column":20}},"loc":{"start":{"line":146,"column":31},"end":{"line":148,"column":11}},"line":146},"13":{"name":"(anonymous_13)","decl":{"start":{"line":154,"column":25},"end":{"line":154,"column":26}},"loc":{"start":{"line":154,"column":37},"end":{"line":205,"column":3}},"line":154},"14":{"name":"(anonymous_14)","decl":{"start":{"line":159,"column":43},"end":{"line":159,"column":44}},"loc":{"start":{"line":160,"column":8},"end":{"line":160,"column":111}},"line":160},"15":{"name":"(anonymous_15)","decl":{"start":{"line":186,"column":23},"end":{"line":186,"column":24}},"loc":{"start":{"line":186,"column":29},"end":{"line":191,"column":15}},"line":186},"16":{"name":"(anonymous_16)","decl":{"start":{"line":207,"column":24},"end":{"line":207,"column":25}},"loc":{"start":{"line":207,"column":30},"end":{"line":209,"column":3}},"line":207},"17":{"name":"(anonymous_17)","decl":{"start":{"line":208,"column":28},"end":{"line":208,"column":29}},"loc":{"start":{"line":208,"column":45},"end":{"line":208,"column":88}},"line":208},"18":{"name":"(anonymous_18)","decl":{"start":{"line":211,"column":25},"end":{"line":211,"column":26}},"loc":{"start":{"line":212,"column":4},"end":{"line":228,"column":11}},"line":212},"19":{"name":"(anonymous_19)","decl":{"start":{"line":225,"column":33},"end":{"line":225,"column":34}},"loc":{"start":{"line":225,"column":39},"end":{"line":225,"column":65}},"line":225},"20":{"name":"(anonymous_20)","decl":{"start":{"line":267,"column":28},"end":{"line":267,"column":29}},"loc":{"start":{"line":267,"column":38},"end":{"line":267,"column":46}},"line":267}},"branchMap":{"0":{"loc":{"start":{"line":32,"column":6},"end":{"line":82,"column":7}},"type":"if","locations":[{"start":{"line":32,"column":6},"end":{"line":82,"column":7}},{"start":{"line":65,"column":13},"end":{"line":82,"column":7}}],"line":32},"1":{"loc":{"start":{"line":32,"column":10},"end":{"line":32,"column":62}},"type":"binary-expr","locations":[{"start":{"line":32,"column":10},"end":{"line":32,"column":24}},{"start":{"line":32,"column":28},"end":{"line":32,"column":62}}],"line":32},"2":{"loc":{"start":{"line":43,"column":22},"end":{"line":43,"column":40}},"type":"binary-expr","locations":[{"start":{"line":43,"column":22},"end":{"line":43,"column":35}},{"start":{"line":43,"column":39},"end":{"line":43,"column":40}}],"line":43},"3":{"loc":{"start":{"line":44,"column":19},"end":{"line":44,"column":87}},"type":"cond-expr","locations":[{"start":{"line":44,"column":52},"end":{"line":44,"column":74}},{"start":{"line":44,"column":77},"end":{"line":44,"column":87}}],"line":44},"4":{"loc":{"start":{"line":52,"column":10},"end":{"line":63,"column":11}},"type":"if","locations":[{"start":{"line":52,"column":10},"end":{"line":63,"column":11}},{"start":{"line":61,"column":17},"end":{"line":63,"column":11}}],"line":52},"5":{"loc":{"start":{"line":56,"column":24},"end":{"line":56,"column":42}},"type":"binary-expr","locations":[{"start":{"line":56,"column":24},"end":{"line":56,"column":37}},{"start":{"line":56,"column":41},"end":{"line":56,"column":42}}],"line":56},"6":{"loc":{"start":{"line":57,"column":21},"end":{"line":57,"column":89}},"type":"cond-expr","locations":[{"start":{"line":57,"column":54},"end":{"line":57,"column":76}},{"start":{"line":57,"column":79},"end":{"line":57,"column":89}}],"line":57},"7":{"loc":{"start":{"line":69,"column":8},"end":{"line":81,"column":9}},"type":"if","locations":[{"start":{"line":69,"column":8},"end":{"line":81,"column":9}},{"start":{"line":78,"column":15},"end":{"line":81,"column":9}}],"line":69},"8":{"loc":{"start":{"line":73,"column":22},"end":{"line":73,"column":40}},"type":"binary-expr","locations":[{"start":{"line":73,"column":22},"end":{"line":73,"column":35}},{"start":{"line":73,"column":39},"end":{"line":73,"column":40}}],"line":73},"9":{"loc":{"start":{"line":74,"column":19},"end":{"line":74,"column":87}},"type":"cond-expr","locations":[{"start":{"line":74,"column":52},"end":{"line":74,"column":74}},{"start":{"line":74,"column":77},"end":{"line":74,"column":87}}],"line":74},"10":{"loc":{"start":{"line":131,"column":4},"end":{"line":134,"column":5}},"type":"if","locations":[{"start":{"line":131,"column":4},"end":{"line":134,"column":5}},{"start":{},"end":{}}],"line":131},"11":{"loc":{"start":{"line":160,"column":31},"end":{"line":160,"column":49}},"type":"binary-expr","locations":[{"start":{"line":160,"column":31},"end":{"line":160,"column":40}},{"start":{"line":160,"column":44},"end":{"line":160,"column":49}}],"line":160},"12":{"loc":{"start":{"line":160,"column":61},"end":{"line":160,"column":80}},"type":"binary-expr","locations":[{"start":{"line":160,"column":61},"end":{"line":160,"column":71}},{"start":{"line":160,"column":75},"end":{"line":160,"column":80}}],"line":160},"13":{"loc":{"start":{"line":160,"column":90},"end":{"line":160,"column":108}},"type":"binary-expr","locations":[{"start":{"line":160,"column":90},"end":{"line":160,"column":103}},{"start":{"line":160,"column":107},"end":{"line":160,"column":108}}],"line":160},"14":{"loc":{"start":{"line":164,"column":27},"end":{"line":164,"column":101}},"type":"binary-expr","locations":[{"start":{"line":164,"column":27},"end":{"line":164,"column":46}},{"start":{"line":164,"column":50},"end":{"line":164,"column":101}}],"line":164},"15":{"loc":{"start":{"line":176,"column":6},"end":{"line":198,"column":7}},"type":"if","locations":[{"start":{"line":176,"column":6},"end":{"line":198,"column":7}},{"start":{"line":195,"column":13},"end":{"line":198,"column":7}}],"line":176},"16":{"loc":{"start":{"line":208,"column":68},"end":{"line":208,"column":86}},"type":"binary-expr","locations":[{"start":{"line":208,"column":68},"end":{"line":208,"column":81}},{"start":{"line":208,"column":85},"end":{"line":208,"column":86}}],"line":208},"17":{"loc":{"start":{"line":213,"column":7},"end":{"line":217,"column":7}},"type":"cond-expr","locations":[{"start":{"line":214,"column":8},"end":{"line":214,"column":71}},{"start":{"line":216,"column":8},"end":{"line":216,"column":83}}],"line":213},"18":{"loc":{"start":{"line":220,"column":58},"end":{"line":220,"column":76}},"type":"binary-expr","locations":[{"start":{"line":220,"column":58},"end":{"line":220,"column":67}},{"start":{"line":220,"column":71},"end":{"line":220,"column":76}}],"line":220},"19":{"loc":{"start":{"line":221,"column":59},"end":{"line":221,"column":78}},"type":"binary-expr","locations":[{"start":{"line":221,"column":59},"end":{"line":221,"column":69}},{"start":{"line":221,"column":73},"end":{"line":221,"column":78}}],"line":221},"20":{"loc":{"start":{"line":222,"column":62},"end":{"line":222,"column":80}},"type":"binary-expr","locations":[{"start":{"line":222,"column":62},"end":{"line":222,"column":75}},{"start":{"line":222,"column":79},"end":{"line":222,"column":80}}],"line":222},"21":{"loc":{"start":{"line":224,"column":60},"end":{"line":224,"column":78}},"type":"binary-expr","locations":[{"start":{"line":224,"column":60},"end":{"line":224,"column":73}},{"start":{"line":224,"column":77},"end":{"line":224,"column":78}}],"line":224},"22":{"loc":{"start":{"line":231,"column":2},"end":{"line":239,"column":3}},"type":"if","locations":[{"start":{"line":231,"column":2},"end":{"line":239,"column":3}},{"start":{},"end":{}}],"line":231},"23":{"loc":{"start":{"line":252,"column":7},"end":{"line":315,"column":7}},"type":"cond-expr","locations":[{"start":{"line":253,"column":8},"end":{"line":259,"column":15}},{"start":{"line":261,"column":8},"end":{"line":314,"column":21}}],"line":252},"24":{"loc":{"start":{"line":307,"column":42},"end":{"line":307,"column":91}},"type":"binary-expr","locations":[{"start":{"line":307,"column":42},"end":{"line":307,"column":59}},{"start":{"line":307,"column":63},"end":{"line":307,"column":91}}],"line":307},"25":{"loc":{"start":{"line":311,"column":15},"end":{"line":311,"column":85}},"type":"cond-expr","locations":[{"start":{"line":311,"column":35},"end":{"line":311,"column":50}},{"start":{"line":311,"column":53},"end":{"line":311,"column":85}}],"line":311}},"s":{"0":0,"1":0,"2":0,"3":0,"4":0,"5":0,"6":0,"7":0,"8":0,"9":0,"10":0,"11":0,"12":0,"13":0,"14":0,"15":0,"16":0,"17":0,"18":0,"19":0,"20":0,"21":0,"22":0,"23":0,"24":0,"25":0,"26":0,"27":0,"28":0,"29":0,"30":0,"31":0,"32":0,"33":0,"34":0,"35":0,"36":0,"37":0,"38":0,"39":0,"40":0,"41":0,"42":0,"43":0,"44":0,"45":0,"46":0,"47":0,"48":0,"49":0,"50":0,"51":0,"52":0,"53":0,"54":0,"55":0,"56":0,"57":0,"58":0,"59":0,"60":0,"61":0,"62":0,"63":0,"64":0,"65":0,"66":0,"67":0,"68":0,"69":0,"70":0,"71":0,"72":0,"73":0,"74":0,"75":0,"76":0,"77":0,"78":0,"79":0,"80":0,"81":0,"82":0,"83":0,"84":0,"85":0,"86":0,"87":0,"88":0,"89":0,"90":0,"91":0,"92":0,"93":0,"94":0,"95":0,"96":0},"f":{"0":0,"1":0,"2":0,"3":0,"4":0,"5":0,"6":0,"7":0,"8":0,"9":0,"10":0,"11":0,"12":0,"13":0,"14":0,"15":0,"16":0,"17":0,"18":0,"19":0,"20":0},"b":{"0":[0,0],"1":[0,0],"2":[0,0],"3":[0,0],"4":[0,0],"5":[0,0],"6":[0,0],"7":[0,0],"8":[0,0],"9":[0,0],"10":[0,0],"11":[0,0],"12":[0,0],"13":[0,0],"14":[0,0],"15":[0,0],"16":[0,0],"17":[0,0],"18":[0,0],"19":[0,0],"20":[0,0],"21":[0,0],"22":[0,0],"23":[0,0],"24":[0,0],"25":[0,0]}}
,"C:\\Users\\ajayt\\d-app\\client\\app\\checkout-ton.tsx": {"path":"C:\\Users\\ajayt\\d-app\\client\\app\\checkout-ton.tsx","statementMap":{"0":{"start":{"line":34,"column":40},"end":{"line":34,"column":62}},"1":{"start":{"line":35,"column":36},"end":{"line":35,"column":59}},"2":{"start":{"line":36,"column":42},"end":{"line":44,"column":4}},"3":{"start":{"line":45,"column":50},"end":{"line":45,"column":65}},"4":{"start":{"line":46,"column":42},"end":{"line":46,"column":57}},"5":{"start":{"line":47,"column":40},"end":{"line":47,"column":69}},"6":{"start":{"line":48,"column":36},"end":{"line":48,"column":51}},"7":{"start":{"line":49,"column":48},"end":{"line":49,"column":67}},"8":{"start":{"line":59,"column":6},"end":{"line":59,"column":22}},"9":{"start":{"line":61,"column":24},"end":{"line":85,"column":22}},"10":{"start":{"line":62,"column":4},"end":{"line":84,"column":5}},"11":{"start":{"line":63,"column":25},"end":{"line":63,"column":64}},"12":{"start":{"line":64,"column":6},"end":{"line":80,"column":7}},"13":{"start":{"line":65,"column":28},"end":{"line":65,"column":50}},"14":{"start":{"line":66,"column":29},"end":{"line":70,"column":11}},"15":{"start":{"line":66,"column":61},"end":{"line":70,"column":9}},"16":{"start":{"line":71,"column":8},"end":{"line":71,"column":35}},"17":{"start":{"line":72,"column":13},"end":{"line":80,"column":7}},"18":{"start":{"line":73,"column":28},"end":{"line":73,"column":54}},"19":{"start":{"line":74,"column":29},"end":{"line":78,"column":11}},"20":{"start":{"line":74,"column":61},"end":{"line":78,"column":9}},"21":{"start":{"line":79,"column":8},"end":{"line":79,"column":35}},"22":{"start":{"line":82,"column":6},"end":{"line":82,"column":56}},"23":{"start":{"line":83,"column":6},"end":{"line":83,"column":23}},"24":{"start":{"line":87,"column":2},"end":{"line":89,"column":22}},"25":{"start":{"line":88,"column":4},"end":{"line":88,"column":20}},"26":{"start":{"line":91,"column":2},"end":{"line":93,"column":23}},"27":{"start":{"line":92,"column":4},"end":{"line":92,"column":83}},"28":{"start":{"line":92,"column":35},"end":{"line":92,"column":81}},"29":{"start":{"line":95,"column":24},"end":{"line":98,"column":3}},"30":{"start":{"line":96,"column":18},"end":{"line":96,"column":99}},"31":{"start":{"line":96,"column":52},"end":{"line":96,"column":95}},"32":{"start":{"line":97,"column":4},"end":{"line":97,"column":17}},"33":{"start":{"line":100,"column":24},"end":{"line":170,"column":3}},"34":{"start":{"line":102,"column":4},"end":{"line":106,"column":5}},"35":{"start":{"line":104,"column":6},"end":{"line":104,"column":80}},"36":{"start":{"line":105,"column":6},"end":{"line":105,"column":13}},"37":{"start":{"line":109,"column":4},"end":{"line":112,"column":5}},"38":{"start":{"line":110,"column":6},"end":{"line":110,"column":50}},"39":{"start":{"line":111,"column":6},"end":{"line":111,"column":13}},"40":{"start":{"line":114,"column":4},"end":{"line":114,"column":26}},"41":{"start":{"line":116,"column":4},"end":{"line":169,"column":5}},"42":{"start":{"line":118,"column":27},"end":{"line":133,"column":7}},"43":{"start":{"line":123,"column":38},"end":{"line":129,"column":9}},"44":{"start":{"line":136,"column":35},"end":{"line":139,"column":7}},"45":{"start":{"line":141,"column":6},"end":{"line":141,"column":62}},"46":{"start":{"line":143,"column":21},"end":{"line":143,"column":49}},"47":{"start":{"line":145,"column":6},"end":{"line":163,"column":7}},"48":{"start":{"line":146,"column":8},"end":{"line":146,"column":39}},"49":{"start":{"line":148,"column":8},"end":{"line":160,"column":10}},"50":{"start":{"line":156,"column":16},"end":{"line":156,"column":52}},"51":{"start":{"line":162,"column":8},"end":{"line":162,"column":85}},"52":{"start":{"line":165,"column":6},"end":{"line":165,"column":45}},"53":{"start":{"line":166,"column":6},"end":{"line":166,"column":97}},"54":{"start":{"line":168,"column":6},"end":{"line":168,"column":29}},"55":{"start":{"line":172,"column":30},"end":{"line":222,"column":3}},"56":{"start":{"line":173,"column":4},"end":{"line":173,"column":23}},"57":{"start":{"line":175,"column":21},"end":{"line":201,"column":12}},"58":{"start":{"line":176,"column":6},"end":{"line":200,"column":7}},"59":{"start":{"line":177,"column":23},"end":{"line":177,"column":56}},"60":{"start":{"line":179,"column":8},"end":{"line":197,"column":9}},"61":{"start":{"line":180,"column":10},"end":{"line":180,"column":34}},"62":{"start":{"line":181,"column":10},"end":{"line":181,"column":30}},"63":{"start":{"line":183,"column":10},"end":{"line":194,"column":12}},"64":{"start":{"line":190,"column":18},"end":{"line":190,"column":49}},"65":{"start":{"line":196,"column":10},"end":{"line":196,"column":67}},"66":{"start":{"line":199,"column":8},"end":{"line":199,"column":63}},"67":{"start":{"line":203,"column":4},"end":{"line":203,"column":33}},"68":{"start":{"line":206,"column":4},"end":{"line":221,"column":15}},"69":{"start":{"line":207,"column":6},"end":{"line":207,"column":30}},"70":{"start":{"line":208,"column":6},"end":{"line":208,"column":26}},"71":{"start":{"line":209,"column":6},"end":{"line":220,"column":8}},"72":{"start":{"line":216,"column":14},"end":{"line":216,"column":35}},"73":{"start":{"line":224,"column":27},"end":{"line":241,"column":3}},"74":{"start":{"line":225,"column":4},"end":{"line":240,"column":6}},"75":{"start":{"line":234,"column":33},"end":{"line":234,"column":74}},"76":{"start":{"line":234,"column":58},"end":{"line":234,"column":73}},"77":{"start":{"line":235,"column":12},"end":{"line":235,"column":39}},"78":{"start":{"line":236,"column":12},"end":{"line":236,"column":82}},"79":{"start":{"line":243,"column":27},"end":{"line":246,"column":3}},"80":{"start":{"line":244,"column":17},"end":{"line":244,"column":41}},"81":{"start":{"line":245,"column":4},"end":{"line":245,"column":36}},"82":{"start":{"line":248,"column":2},"end":{"line":383,"column":4}},"83":{"start":{"line":269,"column":36},"end":{"line":269,"column":84}},"84":{"start":{"line":276,"column":36},"end":{"line":276,"column":85}},"85":{"start":{"line":282,"column":36},"end":{"line":282,"column":87}},"86":{"start":{"line":288,"column":36},"end":{"line":288,"column":84}},"87":{"start":{"line":294,"column":36},"end":{"line":294,"column":90}},"88":{"start":{"line":300,"column":36},"end":{"line":300,"column":87}},"89":{"start":{"line":307,"column":36},"end":{"line":307,"column":85}},"90":{"start":{"line":315,"column":14},"end":{"line":324,"column":33}},"91":{"start":{"line":321,"column":31},"end":{"line":321,"column":60}},"92":{"start":{"line":337,"column":14},"end":{"line":347,"column":21}},"93":{"start":{"line":344,"column":49},"end":{"line":344,"column":75}},"94":{"start":{"line":386,"column":15},"end":{"line":562,"column":2}}},"fnMap":{"0":{"name":"CheckoutTonScreen","decl":{"start":{"line":33,"column":24},"end":{"line":33,"column":41}},"loc":{"start":{"line":33,"column":44},"end":{"line":384,"column":1}},"line":33},"1":{"name":"(anonymous_1)","decl":{"start":{"line":61,"column":36},"end":{"line":61,"column":37}},"loc":{"start":{"line":61,"column":48},"end":{"line":85,"column":3}},"line":61},"2":{"name":"(anonymous_2)","decl":{"start":{"line":66,"column":45},"end":{"line":66,"column":46}},"loc":{"start":{"line":66,"column":61},"end":{"line":70,"column":9}},"line":66},"3":{"name":"(anonymous_3)","decl":{"start":{"line":74,"column":45},"end":{"line":74,"column":46}},"loc":{"start":{"line":74,"column":61},"end":{"line":78,"column":9}},"line":74},"4":{"name":"(anonymous_4)","decl":{"start":{"line":87,"column":12},"end":{"line":87,"column":13}},"loc":{"start":{"line":87,"column":18},"end":{"line":89,"column":3}},"line":87},"5":{"name":"(anonymous_5)","decl":{"start":{"line":91,"column":29},"end":{"line":91,"column":30}},"loc":{"start":{"line":91,"column":35},"end":{"line":93,"column":3}},"line":91},"6":{"name":"(anonymous_6)","decl":{"start":{"line":92,"column":26},"end":{"line":92,"column":27}},"loc":{"start":{"line":92,"column":35},"end":{"line":92,"column":81}},"line":92},"7":{"name":"(anonymous_7)","decl":{"start":{"line":95,"column":24},"end":{"line":95,"column":25}},"loc":{"start":{"line":95,"column":30},"end":{"line":98,"column":3}},"line":95},"8":{"name":"(anonymous_8)","decl":{"start":{"line":96,"column":35},"end":{"line":96,"column":36}},"loc":{"start":{"line":96,"column":52},"end":{"line":96,"column":95}},"line":96},"9":{"name":"(anonymous_9)","decl":{"start":{"line":100,"column":24},"end":{"line":100,"column":25}},"loc":{"start":{"line":100,"column":36},"end":{"line":170,"column":3}},"line":100},"10":{"name":"(anonymous_10)","decl":{"start":{"line":123,"column":29},"end":{"line":123,"column":30}},"loc":{"start":{"line":123,"column":38},"end":{"line":129,"column":9}},"line":123},"11":{"name":"(anonymous_11)","decl":{"start":{"line":154,"column":23},"end":{"line":154,"column":24}},"loc":{"start":{"line":154,"column":29},"end":{"line":157,"column":15}},"line":154},"12":{"name":"(anonymous_12)","decl":{"start":{"line":172,"column":30},"end":{"line":172,"column":31}},"loc":{"start":{"line":172,"column":51},"end":{"line":222,"column":3}},"line":172},"13":{"name":"(anonymous_13)","decl":{"start":{"line":175,"column":33},"end":{"line":175,"column":34}},"loc":{"start":{"line":175,"column":45},"end":{"line":201,"column":5}},"line":175},"14":{"name":"(anonymous_14)","decl":{"start":{"line":189,"column":25},"end":{"line":189,"column":26}},"loc":{"start":{"line":189,"column":31},"end":{"line":191,"column":17}},"line":189},"15":{"name":"(anonymous_15)","decl":{"start":{"line":206,"column":15},"end":{"line":206,"column":16}},"loc":{"start":{"line":206,"column":21},"end":{"line":221,"column":5}},"line":206},"16":{"name":"(anonymous_16)","decl":{"start":{"line":215,"column":21},"end":{"line":215,"column":22}},"loc":{"start":{"line":215,"column":27},"end":{"line":217,"column":13}},"line":215},"17":{"name":"(anonymous_17)","decl":{"start":{"line":224,"column":27},"end":{"line":224,"column":28}},"loc":{"start":{"line":224,"column":49},"end":{"line":241,"column":3}},"line":224},"18":{"name":"(anonymous_18)","decl":{"start":{"line":233,"column":19},"end":{"line":233,"column":20}},"loc":{"start":{"line":233,"column":31},"end":{"line":237,"column":11}},"line":233},"19":{"name":"(anonymous_19)","decl":{"start":{"line":234,"column":50},"end":{"line":234,"column":51}},"loc":{"start":{"line":234,"column":58},"end":{"line":234,"column":73}},"line":234},"20":{"name":"(anonymous_20)","decl":{"start":{"line":243,"column":27},"end":{"line":243,"column":28}},"loc":{"start":{"line":243,"column":49},"end":{"line":246,"column":3}},"line":243},"21":{"name":"(anonymous_21)","decl":{"start":{"line":269,"column":26},"end":{"line":269,"column":27}},"loc":{"start":{"line":269,"column":36},"end":{"line":269,"column":84}},"line":269},"22":{"name":"(anonymous_22)","decl":{"start":{"line":276,"column":26},"end":{"line":276,"column":27}},"loc":{"start":{"line":276,"column":36},"end":{"line":276,"column":85}},"line":276},"23":{"name":"(anonymous_23)","decl":{"start":{"line":282,"column":26},"end":{"line":282,"column":27}},"loc":{"start":{"line":282,"column":36},"end":{"line":282,"column":87}},"line":282},"24":{"name":"(anonymous_24)","decl":{"start":{"line":288,"column":26},"end":{"line":288,"column":27}},"loc":{"start":{"line":288,"column":36},"end":{"line":288,"column":84}},"line":288},"25":{"name":"(anonymous_25)","decl":{"start":{"line":294,"column":26},"end":{"line":294,"column":27}},"loc":{"start":{"line":294,"column":36},"end":{"line":294,"column":90}},"line":294},"26":{"name":"(anonymous_26)","decl":{"start":{"line":300,"column":26},"end":{"line":300,"column":27}},"loc":{"start":{"line":300,"column":36},"end":{"line":300,"column":87}},"line":300},"27":{"name":"(anonymous_27)","decl":{"start":{"line":307,"column":26},"end":{"line":307,"column":27}},"loc":{"start":{"line":307,"column":36},"end":{"line":307,"column":85}},"line":307},"28":{"name":"(anonymous_28)","decl":{"start":{"line":314,"column":54},"end":{"line":314,"column":55}},"loc":{"start":{"line":315,"column":14},"end":{"line":324,"column":33}},"line":315},"29":{"name":"(anonymous_29)","decl":{"start":{"line":321,"column":25},"end":{"line":321,"column":26}},"loc":{"start":{"line":321,"column":31},"end":{"line":321,"column":60}},"line":321},"30":{"name":"(anonymous_30)","decl":{"start":{"line":336,"column":26},"end":{"line":336,"column":27}},"loc":{"start":{"line":337,"column":14},"end":{"line":347,"column":21}},"line":337},"31":{"name":"(anonymous_31)","decl":{"start":{"line":344,"column":43},"end":{"line":344,"column":44}},"loc":{"start":{"line":344,"column":49},"end":{"line":344,"column":75}},"line":344}},"branchMap":{"0":{"loc":{"start":{"line":64,"column":6},"end":{"line":80,"column":7}},"type":"if","locations":[{"start":{"line":64,"column":6},"end":{"line":80,"column":7}},{"start":{"line":72,"column":13},"end":{"line":80,"column":7}}],"line":64},"1":{"loc":{"start":{"line":68,"column":20},"end":{"line":68,"column":38}},"type":"binary-expr","locations":[{"start":{"line":68,"column":20},"end":{"line":68,"column":33}},{"start":{"line":68,"column":37},"end":{"line":68,"column":38}}],"line":68},"2":{"loc":{"start":{"line":69,"column":17},"end":{"line":69,"column":85}},"type":"cond-expr","locations":[{"start":{"line":69,"column":50},"end":{"line":69,"column":72}},{"start":{"line":69,"column":75},"end":{"line":69,"column":85}}],"line":69},"3":{"loc":{"start":{"line":72,"column":13},"end":{"line":80,"column":7}},"type":"if","locations":[{"start":{"line":72,"column":13},"end":{"line":80,"column":7}},{"start":{},"end":{}}],"line":72},"4":{"loc":{"start":{"line":72,"column":17},"end":{"line":72,"column":69}},"type":"binary-expr","locations":[{"start":{"line":72,"column":17},"end":{"line":72,"column":31}},{"start":{"line":72,"column":35},"end":{"line":72,"column":69}}],"line":72},"5":{"loc":{"start":{"line":76,"column":20},"end":{"line":76,"column":38}},"type":"binary-expr","locations":[{"start":{"line":76,"column":20},"end":{"line":76,"column":33}},{"start":{"line":76,"column":37},"end":{"line":76,"column":38}}],"line":76},"6":{"loc":{"start":{"line":77,"column":17},"end":{"line":77,"column":85}},"type":"cond-expr","locations":[{"start":{"line":77,"column":50},"end":{"line":77,"column":72}},{"start":{"line":77,"column":75},"end":{"line":77,"column":85}}],"line":77},"7":{"loc":{"start":{"line":96,"column":75},"end":{"line":96,"column":93}},"type":"binary-expr","locations":[{"start":{"line":96,"column":75},"end":{"line":96,"column":88}},{"start":{"line":96,"column":92},"end":{"line":96,"column":93}}],"line":96},"8":{"loc":{"start":{"line":102,"column":4},"end":{"line":106,"column":5}},"type":"if","locations":[{"start":{"line":102,"column":4},"end":{"line":106,"column":5}},{"start":{},"end":{}}],"line":102},"9":{"loc":{"start":{"line":102,"column":8},"end":{"line":103,"column":79}},"type":"binary-expr","locations":[{"start":{"line":102,"column":8},"end":{"line":102,"column":26}},{"start":{"line":102,"column":30},"end":{"line":102,"column":49}},{"start":{"line":102,"column":53},"end":{"line":102,"column":74}},{"start":{"line":103,"column":8},"end":{"line":103,"column":26}},{"start":{"line":103,"column":30},"end":{"line":103,"column":54}},{"start":{"line":103,"column":58},"end":{"line":103,"column":79}}],"line":102},"10":{"loc":{"start":{"line":109,"column":4},"end":{"line":112,"column":5}},"type":"if","locations":[{"start":{"line":109,"column":4},"end":{"line":112,"column":5}},{"start":{},"end":{}}],"line":109},"11":{"loc":{"start":{"line":127,"column":20},"end":{"line":127,"column":38}},"type":"binary-expr","locations":[{"start":{"line":127,"column":20},"end":{"line":127,"column":33}},{"start":{"line":127,"column":37},"end":{"line":127,"column":38}}],"line":127},"12":{"loc":{"start":{"line":138,"column":22},"end":{"line":138,"column":64}},"type":"binary-expr","locations":[{"start":{"line":138,"column":22},"end":{"line":138,"column":41}},{"start":{"line":138,"column":45},"end":{"line":138,"column":64}}],"line":138},"13":{"loc":{"start":{"line":145,"column":6},"end":{"line":163,"column":7}},"type":"if","locations":[{"start":{"line":145,"column":6},"end":{"line":163,"column":7}},{"start":{"line":161,"column":13},"end":{"line":163,"column":7}}],"line":145},"14":{"loc":{"start":{"line":145,"column":10},"end":{"line":145,"column":42}},"type":"binary-expr","locations":[{"start":{"line":145,"column":10},"end":{"line":145,"column":24}},{"start":{"line":145,"column":28},"end":{"line":145,"column":42}}],"line":145},"15":{"loc":{"start":{"line":162,"column":29},"end":{"line":162,"column":83}},"type":"binary-expr","locations":[{"start":{"line":162,"column":29},"end":{"line":162,"column":41}},{"start":{"line":162,"column":45},"end":{"line":162,"column":83}}],"line":162},"16":{"loc":{"start":{"line":179,"column":8},"end":{"line":197,"column":9}},"type":"if","locations":[{"start":{"line":179,"column":8},"end":{"line":197,"column":9}},{"start":{"line":195,"column":15},"end":{"line":197,"column":9}}],"line":179},"17":{"loc":{"start":{"line":260,"column":11},"end":{"line":260,"column":75}},"type":"binary-expr","locations":[{"start":{"line":260,"column":11},"end":{"line":260,"column":21}},{"start":{"line":260,"column":25},"end":{"line":260,"column":75}}],"line":260},"18":{"loc":{"start":{"line":319,"column":18},"end":{"line":319,"column":74}},"type":"binary-expr","locations":[{"start":{"line":319,"column":18},"end":{"line":319,"column":47}},{"start":{"line":319,"column":51},"end":{"line":319,"column":74}}],"line":319},"19":{"loc":{"start":{"line":331,"column":11},"end":{"line":349,"column":11}},"type":"cond-expr","locations":[{"start":{"line":332,"column":12},"end":{"line":334,"column":19}},{"start":{"line":336,"column":12},"end":{"line":348,"column":14}}],"line":331},"20":{"loc":{"start":{"line":338,"column":38},"end":{"line":338,"column":61}},"type":"binary-expr","locations":[{"start":{"line":338,"column":38},"end":{"line":338,"column":48}},{"start":{"line":338,"column":52},"end":{"line":338,"column":61}}],"line":338},"21":{"loc":{"start":{"line":342,"column":73},"end":{"line":342,"column":91}},"type":"binary-expr","locations":[{"start":{"line":342,"column":73},"end":{"line":342,"column":86}},{"start":{"line":342,"column":90},"end":{"line":342,"column":91}}],"line":342},"22":{"loc":{"start":{"line":356,"column":9},"end":{"line":364,"column":9}},"type":"binary-expr","locations":[{"start":{"line":356,"column":9},"end":{"line":356,"column":20}},{"start":{"line":357,"column":10},"end":{"line":363,"column":17}}],"line":356},"23":{"loc":{"start":{"line":360,"column":38},"end":{"line":360,"column":92}},"type":"cond-expr","locations":[{"start":{"line":360,"column":50},"end":{"line":360,"column":74}},{"start":{"line":360,"column":77},"end":{"line":360,"column":92}}],"line":360},"24":{"loc":{"start":{"line":362,"column":13},"end":{"line":362,"column":76}},"type":"binary-expr","locations":[{"start":{"line":362,"column":13},"end":{"line":362,"column":22}},{"start":{"line":362,"column":26},"end":{"line":362,"column":76}}],"line":362},"25":{"loc":{"start":{"line":368,"column":38},"end":{"line":368,"column":91}},"type":"binary-expr","locations":[{"start":{"line":368,"column":39},"end":{"line":368,"column":51}},{"start":{"line":368,"column":55},"end":{"line":368,"column":65}},{"start":{"line":368,"column":70},"end":{"line":368,"column":91}}],"line":368},"26":{"loc":{"start":{"line":370,"column":22},"end":{"line":370,"column":48}},"type":"binary-expr","locations":[{"start":{"line":370,"column":22},"end":{"line":370,"column":34}},{"start":{"line":370,"column":38},"end":{"line":370,"column":48}}],"line":370},"27":{"loc":{"start":{"line":372,"column":13},"end":{"line":378,"column":13}},"type":"cond-expr","locations":[{"start":{"line":373,"column":14},"end":{"line":373,"column":51}},{"start":{"line":375,"column":14},"end":{"line":377,"column":27}}],"line":372},"28":{"loc":{"start":{"line":372,"column":13},"end":{"line":372,"column":39}},"type":"binary-expr","locations":[{"start":{"line":372,"column":13},"end":{"line":372,"column":25}},{"start":{"line":372,"column":29},"end":{"line":372,"column":39}}],"line":372},"29":{"loc":{"start":{"line":376,"column":17},"end":{"line":376,"column":93}},"type":"cond-expr","locations":[{"start":{"line":376,"column":46},"end":{"line":376,"column":60}},{"start":{"line":376,"column":63},"end":{"line":376,"column":93}}],"line":376}},"s":{"0":0,"1":0,"2":0,"3":0,"4":0,"5":0,"6":0,"7":0,"8":0,"9":0,"10":0,"11":0,"12":0,"13":0,"14":0,"15":0,"16":0,"17":0,"18":0,"19":0,"20":0,"21":0,"22":0,"23":0,"24":0,"25":0,"26":0,"27":0,"28":0,"29":0,"30":0,"31":0,"32":0,"33":0,"34":0,"35":0,"36":0,"37":0,"38":0,"39":0,"40":0,"41":0,"42":0,"43":0,"44":0,"45":0,"46":0,"47":0,"48":0,"49":0,"50":0,"51":0,"52":0,"53":0,"54":0,"55":0,"56":0,"57":0,"58":0,"59":0,"60":0,"61":0,"62":0,"63":0,"64":0,"65":0,"66":0,"67":0,"68":0,"69":0,"70":0,"71":0,"72":0,"73":0,"74":0,"75":0,"76":0,"77":0,"78":0,"79":0,"80":0,"81":0,"82":0,"83":0,"84":0,"85":0,"86":0,"87":0,"88":0,"89":0,"90":0,"91":0,"92":0,"93":0,"94":0},"f":{"0":0,"1":0,"2":0,"3":0,"4":0,"5":0,"6":0,"7":0,"8":0,"9":0,"10":0,"11":0,"12":0,"13":0,"14":0,"15":0,"16":0,"17":0,"18":0,"19":0,"20":0,"21":0,"22":0,"23":0,"24":0,"25":0,"26":0,"27":0,"28":0,"29":0,"30":0,"31":0},"b":{"0":[0,0],"1":[0,0],"2":[0,0],"3":[0,0],"4":[0,0],"5":[0,0],"6":[0,0],"7":[0,0],"8":[0,0],"9":[0,0,0,0,0,0],"10":[0,0],"11":[0,0],"12":[0,0],"13":[0,0],"14":[0,0],"15":[0,0],"16":[0,0],"17":[0,0],"18":[0,0],"19":[0,0],"20":[0,0],"21":[0,0],"22":[0,0],"23":[0,0],"24":[0,0],"25":[0,0,0],"26":[0,0],"27":[0,0],"28":[0,0],"29":[0,0]}}
,"C:\\Users\\ajayt\\d-app\\client\\app\\checkout.tsx": {"path":"C:\\Users\\ajayt\\d-app\\client\\app\\checkout.tsx","statementMap":{"0":{"start":{"line":13,"column":40},"end":{"line":13,"column":62}},"1":{"start":{"line":14,"column":36},"end":{"line":14,"column":59}},"2":{"start":{"line":15,"column":32},"end":{"line":15,"column":46}},"3":{"start":{"line":17,"column":24},"end":{"line":58,"column":22}},"4":{"start":{"line":18,"column":4},"end":{"line":57,"column":5}},"5":{"start":{"line":19,"column":6},"end":{"line":19,"column":23}},"6":{"start":{"line":20,"column":6},"end":{"line":20,"column":43}},"7":{"start":{"line":23,"column":6},"end":{"line":50,"column":7}},"8":{"start":{"line":24,"column":8},"end":{"line":24,"column":47}},"9":{"start":{"line":25,"column":28},"end":{"line":25,"column":54}},"10":{"start":{"line":26,"column":29},"end":{"line":30,"column":11}},"11":{"start":{"line":26,"column":61},"end":{"line":30,"column":9}},"12":{"start":{"line":31,"column":8},"end":{"line":31,"column":35}},"13":{"start":{"line":32,"column":8},"end":{"line":32,"column":72}},"14":{"start":{"line":35,"column":8},"end":{"line":35,"column":49}},"15":{"start":{"line":36,"column":27},"end":{"line":36,"column":66}},"16":{"start":{"line":37,"column":8},"end":{"line":49,"column":9}},"17":{"start":{"line":38,"column":30},"end":{"line":38,"column":52}},"18":{"start":{"line":39,"column":31},"end":{"line":43,"column":13}},"19":{"start":{"line":39,"column":63},"end":{"line":43,"column":11}},"20":{"start":{"line":44,"column":10},"end":{"line":44,"column":37}},"21":{"start":{"line":45,"column":10},"end":{"line":45,"column":78}},"22":{"start":{"line":47,"column":10},"end":{"line":47,"column":45}},"23":{"start":{"line":48,"column":10},"end":{"line":48,"column":27}},"24":{"start":{"line":52,"column":6},"end":{"line":52,"column":56}},"25":{"start":{"line":53,"column":6},"end":{"line":53,"column":75}},"26":{"start":{"line":54,"column":6},"end":{"line":54,"column":23}},"27":{"start":{"line":56,"column":6},"end":{"line":56,"column":24}},"28":{"start":{"line":60,"column":2},"end":{"line":62,"column":22}},"29":{"start":{"line":61,"column":4},"end":{"line":61,"column":20}},"30":{"start":{"line":64,"column":2},"end":{"line":68,"column":4}},"31":{"start":{"line":66,"column":6},"end":{"line":66,"column":22}},"32":{"start":{"line":70,"column":27},"end":{"line":92,"column":3}},"33":{"start":{"line":71,"column":4},"end":{"line":91,"column":6}},"34":{"start":{"line":80,"column":12},"end":{"line":87,"column":13}},"35":{"start":{"line":81,"column":35},"end":{"line":81,"column":76}},"36":{"start":{"line":81,"column":60},"end":{"line":81,"column":75}},"37":{"start":{"line":82,"column":14},"end":{"line":82,"column":41}},"38":{"start":{"line":83,"column":14},"end":{"line":83,"column":84}},"39":{"start":{"line":85,"column":14},"end":{"line":85,"column":69}},"40":{"start":{"line":86,"column":14},"end":{"line":86,"column":89}},"41":{"start":{"line":94,"column":27},"end":{"line":96,"column":3}},"42":{"start":{"line":95,"column":4},"end":{"line":95,"column":18}},"43":{"start":{"line":98,"column":24},"end":{"line":104,"column":3}},"44":{"start":{"line":99,"column":4},"end":{"line":102,"column":5}},"45":{"start":{"line":100,"column":6},"end":{"line":100,"column":82}},"46":{"start":{"line":101,"column":6},"end":{"line":101,"column":13}},"47":{"start":{"line":103,"column":4},"end":{"line":103,"column":79}},"48":{"start":{"line":106,"column":24},"end":{"line":108,"column":3}},"49":{"start":{"line":107,"column":4},"end":{"line":107,"column":104}},"50":{"start":{"line":107,"column":45},"end":{"line":107,"column":88}},"51":{"start":{"line":110,"column":25},"end":{"line":128,"column":3}},"52":{"start":{"line":111,"column":4},"end":{"line":127,"column":11}},"53":{"start":{"line":124,"column":39},"end":{"line":124,"column":65}},"54":{"start":{"line":130,"column":2},"end":{"line":138,"column":3}},"55":{"start":{"line":131,"column":4},"end":{"line":137,"column":6}},"56":{"start":{"line":140,"column":2},"end":{"line":196,"column":4}},"57":{"start":{"line":166,"column":38},"end":{"line":166,"column":46}},"58":{"start":{"line":199,"column":15},"end":{"line":384,"column":2}}},"fnMap":{"0":{"name":"CheckoutScreen","decl":{"start":{"line":12,"column":24},"end":{"line":12,"column":38}},"loc":{"start":{"line":12,"column":41},"end":{"line":197,"column":1}},"line":12},"1":{"name":"(anonymous_1)","decl":{"start":{"line":17,"column":36},"end":{"line":17,"column":37}},"loc":{"start":{"line":17,"column":48},"end":{"line":58,"column":3}},"line":17},"2":{"name":"(anonymous_2)","decl":{"start":{"line":26,"column":45},"end":{"line":26,"column":46}},"loc":{"start":{"line":26,"column":61},"end":{"line":30,"column":9}},"line":26},"3":{"name":"(anonymous_3)","decl":{"start":{"line":39,"column":47},"end":{"line":39,"column":48}},"loc":{"start":{"line":39,"column":63},"end":{"line":43,"column":11}},"line":39},"4":{"name":"(anonymous_4)","decl":{"start":{"line":60,"column":12},"end":{"line":60,"column":13}},"loc":{"start":{"line":60,"column":18},"end":{"line":62,"column":3}},"line":60},"5":{"name":"(anonymous_5)","decl":{"start":{"line":65,"column":16},"end":{"line":65,"column":17}},"loc":{"start":{"line":65,"column":22},"end":{"line":67,"column":5}},"line":65},"6":{"name":"(anonymous_6)","decl":{"start":{"line":70,"column":27},"end":{"line":70,"column":28}},"loc":{"start":{"line":70,"column":43},"end":{"line":92,"column":3}},"line":70},"7":{"name":"(anonymous_7)","decl":{"start":{"line":79,"column":19},"end":{"line":79,"column":20}},"loc":{"start":{"line":79,"column":31},"end":{"line":88,"column":11}},"line":79},"8":{"name":"(anonymous_8)","decl":{"start":{"line":81,"column":52},"end":{"line":81,"column":53}},"loc":{"start":{"line":81,"column":60},"end":{"line":81,"column":75}},"line":81},"9":{"name":"(anonymous_9)","decl":{"start":{"line":94,"column":27},"end":{"line":94,"column":28}},"loc":{"start":{"line":94,"column":33},"end":{"line":96,"column":3}},"line":94},"10":{"name":"(anonymous_10)","decl":{"start":{"line":98,"column":24},"end":{"line":98,"column":25}},"loc":{"start":{"line":98,"column":30},"end":{"line":104,"column":3}},"line":98},"11":{"name":"(anonymous_11)","decl":{"start":{"line":106,"column":24},"end":{"line":106,"column":25}},"loc":{"start":{"line":106,"column":30},"end":{"line":108,"column":3}},"line":106},"12":{"name":"(anonymous_12)","decl":{"start":{"line":107,"column":28},"end":{"line":107,"column":29}},"loc":{"start":{"line":107,"column":45},"end":{"line":107,"column":88}},"line":107},"13":{"name":"(anonymous_13)","decl":{"start":{"line":110,"column":25},"end":{"line":110,"column":26}},"loc":{"start":{"line":111,"column":4},"end":{"line":127,"column":11}},"line":111},"14":{"name":"(anonymous_14)","decl":{"start":{"line":124,"column":33},"end":{"line":124,"column":34}},"loc":{"start":{"line":124,"column":39},"end":{"line":124,"column":65}},"line":124},"15":{"name":"(anonymous_15)","decl":{"start":{"line":166,"column":28},"end":{"line":166,"column":29}},"loc":{"start":{"line":166,"column":38},"end":{"line":166,"column":46}},"line":166}},"branchMap":{"0":{"loc":{"start":{"line":23,"column":6},"end":{"line":50,"column":7}},"type":"if","locations":[{"start":{"line":23,"column":6},"end":{"line":50,"column":7}},{"start":{"line":33,"column":13},"end":{"line":50,"column":7}}],"line":23},"1":{"loc":{"start":{"line":23,"column":10},"end":{"line":23,"column":62}},"type":"binary-expr","locations":[{"start":{"line":23,"column":10},"end":{"line":23,"column":24}},{"start":{"line":23,"column":28},"end":{"line":23,"column":62}}],"line":23},"2":{"loc":{"start":{"line":28,"column":20},"end":{"line":28,"column":38}},"type":"binary-expr","locations":[{"start":{"line":28,"column":20},"end":{"line":28,"column":33}},{"start":{"line":28,"column":37},"end":{"line":28,"column":38}}],"line":28},"3":{"loc":{"start":{"line":29,"column":17},"end":{"line":29,"column":85}},"type":"cond-expr","locations":[{"start":{"line":29,"column":50},"end":{"line":29,"column":72}},{"start":{"line":29,"column":75},"end":{"line":29,"column":85}}],"line":29},"4":{"loc":{"start":{"line":37,"column":8},"end":{"line":49,"column":9}},"type":"if","locations":[{"start":{"line":37,"column":8},"end":{"line":49,"column":9}},{"start":{"line":46,"column":15},"end":{"line":49,"column":9}}],"line":37},"5":{"loc":{"start":{"line":41,"column":22},"end":{"line":41,"column":40}},"type":"binary-expr","locations":[{"start":{"line":41,"column":22},"end":{"line":41,"column":35}},{"start":{"line":41,"column":39},"end":{"line":41,"column":40}}],"line":41},"6":{"loc":{"start":{"line":42,"column":19},"end":{"line":42,"column":87}},"type":"cond-expr","locations":[{"start":{"line":42,"column":52},"end":{"line":42,"column":74}},{"start":{"line":42,"column":77},"end":{"line":42,"column":87}}],"line":42},"7":{"loc":{"start":{"line":99,"column":4},"end":{"line":102,"column":5}},"type":"if","locations":[{"start":{"line":99,"column":4},"end":{"line":102,"column":5}},{"start":{},"end":{}}],"line":99},"8":{"loc":{"start":{"line":107,"column":68},"end":{"line":107,"column":86}},"type":"binary-expr","locations":[{"start":{"line":107,"column":68},"end":{"line":107,"column":81}},{"start":{"line":107,"column":85},"end":{"line":107,"column":86}}],"line":107},"9":{"loc":{"start":{"line":112,"column":7},"end":{"line":116,"column":7}},"type":"cond-expr","locations":[{"start":{"line":113,"column":8},"end":{"line":113,"column":71}},{"start":{"line":115,"column":8},"end":{"line":115,"column":83}}],"line":112},"10":{"loc":{"start":{"line":119,"column":58},"end":{"line":119,"column":76}},"type":"binary-expr","locations":[{"start":{"line":119,"column":58},"end":{"line":119,"column":67}},{"start":{"line":119,"column":71},"end":{"line":119,"column":76}}],"line":119},"11":{"loc":{"start":{"line":120,"column":59},"end":{"line":120,"column":78}},"type":"binary-expr","locations":[{"start":{"line":120,"column":59},"end":{"line":120,"column":69}},{"start":{"line":120,"column":73},"end":{"line":120,"column":78}}],"line":120},"12":{"loc":{"start":{"line":121,"column":62},"end":{"line":121,"column":80}},"type":"binary-expr","locations":[{"start":{"line":121,"column":62},"end":{"line":121,"column":75}},{"start":{"line":121,"column":79},"end":{"line":121,"column":80}}],"line":121},"13":{"loc":{"start":{"line":123,"column":60},"end":{"line":123,"column":78}},"type":"binary-expr","locations":[{"start":{"line":123,"column":60},"end":{"line":123,"column":73}},{"start":{"line":123,"column":77},"end":{"line":123,"column":78}}],"line":123},"14":{"loc":{"start":{"line":130,"column":2},"end":{"line":138,"column":3}},"type":"if","locations":[{"start":{"line":130,"column":2},"end":{"line":138,"column":3}},{"start":{},"end":{}}],"line":130},"15":{"loc":{"start":{"line":151,"column":7},"end":{"line":194,"column":7}},"type":"cond-expr","locations":[{"start":{"line":152,"column":8},"end":{"line":158,"column":15}},{"start":{"line":160,"column":8},"end":{"line":193,"column":21}}],"line":151}},"s":{"0":0,"1":0,"2":0,"3":0,"4":0,"5":0,"6":0,"7":0,"8":0,"9":0,"10":0,"11":0,"12":0,"13":0,"14":0,"15":0,"16":0,"17":0,"18":0,"19":0,"20":0,"21":0,"22":0,"23":0,"24":0,"25":0,"26":0,"27":0,"28":0,"29":0,"30":0,"31":0,"32":0,"33":0,"34":0,"35":0,"36":0,"37":0,"38":0,"39":0,"40":0,"41":0,"42":0,"43":0,"44":0,"45":0,"46":0,"47":0,"48":0,"49":0,"50":0,"51":0,"52":0,"53":0,"54":0,"55":0,"56":0,"57":0,"58":0},"f":{"0":0,"1":0,"2":0,"3":0,"4":0,"5":0,"6":0,"7":0,"8":0,"9":0,"10":0,"11":0,"12":0,"13":0,"14":0,"15":0},"b":{"0":[0,0],"1":[0,0],"2":[0,0],"3":[0,0],"4":[0,0],"5":[0,0],"6":[0,0],"7":[0,0],"8":[0,0],"9":[0,0],"10":[0,0],"11":[0,0],"12":[0,0],"13":[0,0],"14":[0,0],"15":[0,0]}}
,"C:\\Users\\ajayt\\d-app\\client\\app\\my-booking.tsx": {"path":"C:\\Users\\ajayt\\d-app\\client\\app\\my-booking.tsx","statementMap":{"0":{"start":{"line":11,"column":34},"end":{"line":11,"column":57}},"1":{"start":{"line":12,"column":32},"end":{"line":12,"column":46}},"2":{"start":{"line":13,"column":28},"end":{"line":13,"column":57}},"3":{"start":{"line":15,"column":2},"end":{"line":31,"column":9}},"4":{"start":{"line":16,"column":26},"end":{"line":28,"column":5}},"5":{"start":{"line":17,"column":6},"end":{"line":27,"column":7}},"6":{"start":{"line":19,"column":23},"end":{"line":19,"column":26}},"7":{"start":{"line":20,"column":21},"end":{"line":20,"column":53}},"8":{"start":{"line":21,"column":8},"end":{"line":21,"column":35}},"9":{"start":{"line":23,"column":8},"end":{"line":23,"column":44}},"10":{"start":{"line":24,"column":8},"end":{"line":24,"column":27}},"11":{"start":{"line":26,"column":8},"end":{"line":26,"column":26}},"12":{"start":{"line":30,"column":4},"end":{"line":30,"column":20}},"13":{"start":{"line":33,"column":24},"end":{"line":40,"column":3}},"14":{"start":{"line":34,"column":4},"end":{"line":39,"column":11}},"15":{"start":{"line":42,"column":2},"end":{"line":48,"column":3}},"16":{"start":{"line":43,"column":4},"end":{"line":47,"column":6}},"17":{"start":{"line":50,"column":2},"end":{"line":56,"column":3}},"18":{"start":{"line":51,"column":4},"end":{"line":55,"column":6}},"19":{"start":{"line":58,"column":2},"end":{"line":78,"column":4}},"20":{"start":{"line":61,"column":41},"end":{"line":61,"column":54}},"21":{"start":{"line":72,"column":34},"end":{"line":72,"column":42}},"22":{"start":{"line":81,"column":15},"end":{"line":146,"column":2}}},"fnMap":{"0":{"name":"MyBookingScreen","decl":{"start":{"line":10,"column":24},"end":{"line":10,"column":39}},"loc":{"start":{"line":10,"column":42},"end":{"line":79,"column":1}},"line":10},"1":{"name":"(anonymous_1)","decl":{"start":{"line":15,"column":12},"end":{"line":15,"column":13}},"loc":{"start":{"line":15,"column":18},"end":{"line":31,"column":3}},"line":15},"2":{"name":"(anonymous_2)","decl":{"start":{"line":16,"column":26},"end":{"line":16,"column":27}},"loc":{"start":{"line":16,"column":38},"end":{"line":28,"column":5}},"line":16},"3":{"name":"(anonymous_3)","decl":{"start":{"line":33,"column":24},"end":{"line":33,"column":25}},"loc":{"start":{"line":34,"column":4},"end":{"line":39,"column":11}},"line":34},"4":{"name":"(anonymous_4)","decl":{"start":{"line":61,"column":35},"end":{"line":61,"column":36}},"loc":{"start":{"line":61,"column":41},"end":{"line":61,"column":54}},"line":61},"5":{"name":"(anonymous_5)","decl":{"start":{"line":72,"column":24},"end":{"line":72,"column":25}},"loc":{"start":{"line":72,"column":34},"end":{"line":72,"column":42}},"line":72}},"branchMap":{"0":{"loc":{"start":{"line":42,"column":2},"end":{"line":48,"column":3}},"type":"if","locations":[{"start":{"line":42,"column":2},"end":{"line":48,"column":3}},{"start":{},"end":{}}],"line":42},"1":{"loc":{"start":{"line":50,"column":2},"end":{"line":56,"column":3}},"type":"if","locations":[{"start":{"line":50,"column":2},"end":{"line":56,"column":3}},{"start":{},"end":{}}],"line":50},"2":{"loc":{"start":{"line":67,"column":7},"end":{"line":76,"column":7}},"type":"cond-expr","locations":[{"start":{"line":68,"column":8},"end":{"line":68,"column":73}},{"start":{"line":70,"column":8},"end":{"line":75,"column":10}}],"line":67}},"s":{"0":0,"1":0,"2":0,"3":0,"4":0,"5":0,"6":0,"7":0,"8":0,"9":0,"10":0,"11":0,"12":0,"13":0,"14":0,"15":0,"16":0,"17":0,"18":0,"19":0,"20":0,"21":0,"22":0},"f":{"0":0,"1":0,"2":0,"3":0,"4":0,"5":0},"b":{"0":[0,0],"1":[0,0],"2":[0,0]}}
,"C:\\Users\\ajayt\\d-app\\client\\app\\my-order.tsx": {"path":"C:\\Users\\ajayt\\d-app\\client\\app\\my-order.tsx","statementMap":{"0":{"start":{"line":11,"column":30},"end":{"line":11,"column":51}},"1":{"start":{"line":12,"column":32},"end":{"line":12,"column":46}},"2":{"start":{"line":13,"column":28},"end":{"line":13,"column":57}},"3":{"start":{"line":15,"column":2},"end":{"line":17,"column":9}},"4":{"start":{"line":16,"column":4},"end":{"line":16,"column":18}},"5":{"start":{"line":19,"column":22},"end":{"line":30,"column":3}},"6":{"start":{"line":20,"column":4},"end":{"line":29,"column":5}},"7":{"start":{"line":21,"column":6},"end":{"line":21,"column":23}},"8":{"start":{"line":22,"column":23},"end":{"line":22,"column":64}},"9":{"start":{"line":23,"column":6},"end":{"line":23,"column":39}},"10":{"start":{"line":25,"column":6},"end":{"line":25,"column":51}},"11":{"start":{"line":26,"column":6},"end":{"line":26,"column":40}},"12":{"start":{"line":28,"column":6},"end":{"line":28,"column":24}},"13":{"start":{"line":32,"column":26},"end":{"line":58,"column":3}},"14":{"start":{"line":33,"column":4},"end":{"line":57,"column":11}},"15":{"start":{"line":49,"column":10},"end":{"line":54,"column":17}},"16":{"start":{"line":60,"column":25},"end":{"line":75,"column":3}},"17":{"start":{"line":61,"column":4},"end":{"line":74,"column":5}},"18":{"start":{"line":63,"column":8},"end":{"line":63,"column":36}},"19":{"start":{"line":65,"column":8},"end":{"line":65,"column":38}},"20":{"start":{"line":67,"column":8},"end":{"line":67,"column":36}},"21":{"start":{"line":69,"column":8},"end":{"line":69,"column":38}},"22":{"start":{"line":71,"column":8},"end":{"line":71,"column":38}},"23":{"start":{"line":73,"column":8},"end":{"line":73,"column":36}},"24":{"start":{"line":77,"column":2},"end":{"line":93,"column":3}},"25":{"start":{"line":78,"column":4},"end":{"line":92,"column":6}},"26":{"start":{"line":81,"column":43},"end":{"line":81,"column":56}},"27":{"start":{"line":95,"column":2},"end":{"line":114,"column":3}},"28":{"start":{"line":96,"column":4},"end":{"line":113,"column":6}},"29":{"start":{"line":99,"column":43},"end":{"line":99,"column":56}},"30":{"start":{"line":116,"column":2},"end":{"line":144,"column":4}},"31":{"start":{"line":119,"column":41},"end":{"line":119,"column":54}},"32":{"start":{"line":130,"column":43},"end":{"line":130,"column":70}},"33":{"start":{"line":137,"column":34},"end":{"line":137,"column":42}},"34":{"start":{"line":147,"column":15},"end":{"line":340,"column":2}}},"fnMap":{"0":{"name":"MyOrderScreen","decl":{"start":{"line":10,"column":24},"end":{"line":10,"column":37}},"loc":{"start":{"line":10,"column":40},"end":{"line":145,"column":1}},"line":10},"1":{"name":"(anonymous_1)","decl":{"start":{"line":15,"column":12},"end":{"line":15,"column":13}},"loc":{"start":{"line":15,"column":18},"end":{"line":17,"column":3}},"line":15},"2":{"name":"(anonymous_2)","decl":{"start":{"line":19,"column":22},"end":{"line":19,"column":23}},"loc":{"start":{"line":19,"column":34},"end":{"line":30,"column":3}},"line":19},"3":{"name":"(anonymous_3)","decl":{"start":{"line":32,"column":26},"end":{"line":32,"column":27}},"loc":{"start":{"line":33,"column":4},"end":{"line":57,"column":11}},"line":33},"4":{"name":"(anonymous_4)","decl":{"start":{"line":48,"column":24},"end":{"line":48,"column":25}},"loc":{"start":{"line":49,"column":10},"end":{"line":54,"column":17}},"line":49},"5":{"name":"(anonymous_5)","decl":{"start":{"line":60,"column":25},"end":{"line":60,"column":26}},"loc":{"start":{"line":60,"column":45},"end":{"line":75,"column":3}},"line":60},"6":{"name":"(anonymous_6)","decl":{"start":{"line":81,"column":37},"end":{"line":81,"column":38}},"loc":{"start":{"line":81,"column":43},"end":{"line":81,"column":56}},"line":81},"7":{"name":"(anonymous_7)","decl":{"start":{"line":99,"column":37},"end":{"line":99,"column":38}},"loc":{"start":{"line":99,"column":43},"end":{"line":99,"column":56}},"line":99},"8":{"name":"(anonymous_8)","decl":{"start":{"line":119,"column":35},"end":{"line":119,"column":36}},"loc":{"start":{"line":119,"column":41},"end":{"line":119,"column":54}},"line":119},"9":{"name":"(anonymous_9)","decl":{"start":{"line":130,"column":37},"end":{"line":130,"column":38}},"loc":{"start":{"line":130,"column":43},"end":{"line":130,"column":70}},"line":130},"10":{"name":"(anonymous_10)","decl":{"start":{"line":137,"column":24},"end":{"line":137,"column":25}},"loc":{"start":{"line":137,"column":34},"end":{"line":137,"column":42}},"line":137}},"branchMap":{"0":{"loc":{"start":{"line":23,"column":16},"end":{"line":23,"column":37}},"type":"binary-expr","locations":[{"start":{"line":23,"column":16},"end":{"line":23,"column":31}},{"start":{"line":23,"column":35},"end":{"line":23,"column":37}}],"line":23},"1":{"loc":{"start":{"line":61,"column":4},"end":{"line":74,"column":5}},"type":"switch","locations":[{"start":{"line":62,"column":6},"end":{"line":63,"column":36}},{"start":{"line":64,"column":6},"end":{"line":65,"column":38}},{"start":{"line":66,"column":6},"end":{"line":67,"column":36}},{"start":{"line":68,"column":6},"end":{"line":69,"column":38}},{"start":{"line":70,"column":6},"end":{"line":71,"column":38}},{"start":{"line":72,"column":6},"end":{"line":73,"column":36}}],"line":61},"2":{"loc":{"start":{"line":77,"column":2},"end":{"line":93,"column":3}},"type":"if","locations":[{"start":{"line":77,"column":2},"end":{"line":93,"column":3}},{"start":{},"end":{}}],"line":77},"3":{"loc":{"start":{"line":95,"column":2},"end":{"line":114,"column":3}},"type":"if","locations":[{"start":{"line":95,"column":2},"end":{"line":114,"column":3}},{"start":{},"end":{}}],"line":95},"4":{"loc":{"start":{"line":126,"column":7},"end":{"line":142,"column":7}},"type":"cond-expr","locations":[{"start":{"line":127,"column":8},"end":{"line":133,"column":15}},{"start":{"line":135,"column":8},"end":{"line":141,"column":10}}],"line":126}},"s":{"0":0,"1":0,"2":0,"3":0,"4":0,"5":0,"6":0,"7":0,"8":0,"9":0,"10":0,"11":0,"12":0,"13":0,"14":0,"15":0,"16":0,"17":0,"18":0,"19":0,"20":0,"21":0,"22":0,"23":0,"24":0,"25":0,"26":0,"27":0,"28":0,"29":0,"30":0,"31":0,"32":0,"33":0,"34":0},"f":{"0":0,"1":0,"2":0,"3":0,"4":0,"5":0,"6":0,"7":0,"8":0,"9":0,"10":0},"b":{"0":[0,0],"1":[0,0,0,0,0,0],"2":[0,0],"3":[0,0],"4":[0,0]}}
[...]
e":"(anonymous_10)","decl":{"start":{"line":147,"column":2},"end":{"line":147,"column":3}},"loc":{"start":{"line":147,"column":56},"end":{"line":150,"column":3}},"line":147},"11":{"name":"(anonymous_11)","decl":{"start":{"line":152,"column":2},"end":{"line":152,"column":3}},"loc":{"start":{"line":152,"column":55},"end":{"line":155,"column":3}},"line":152},"12":{"name":"(anonymous_12)","decl":{"start":{"line":157,"column":2},"end":{"line":157,"column":3}},"loc":{"start":{"line":157,"column":56},"end":{"line":160,"column":3}},"line":157},"13":{"name":"(anonymous_13)","decl":{"start":{"line":162,"column":2},"end":{"line":162,"column":3}},"loc":{"start":{"line":162,"column":54},"end":{"line":165,"column":3}},"line":162},"14":{"name":"(anonymous_14)","decl":{"start":{"line":167,"column":2},"end":{"line":167,"column":3}},"loc":{"start":{"line":167,"column":44},"end":{"line":171,"column":3}},"line":167}},"branchMap":{"0":{"loc":{"start":{"line":30,"column":18},"end":{"line":30,"column":47}},"type":"binary-expr","locations":[{"start":{"line":30,"column":18},"end":{"line":30,"column":24}},{"start":{"line":30,"column":28},"end":{"line":30,"column":47}}],"line":30},"1":{"loc":{"start":{"line":58,"column":15},"end":{"line":58,"column":71}},"type":"cond-expr","locations":[{"start":{"line":58,"column":40},"end":{"line":58,"column":53}},{"start":{"line":58,"column":56},"end":{"line":58,"column":71}}],"line":58},"2":{"loc":{"start":{"line":80,"column":25},"end":{"line":80,"column":80}},"type":"cond-expr","locations":[{"start":{"line":80,"column":34},"end":{"line":80,"column":68}},{"start":{"line":80,"column":71},"end":{"line":80,"column":80}}],"line":80},"3":{"loc":{"start":{"line":123,"column":15},"end":{"line":123,"column":71}},"type":"cond-expr","locations":[{"start":{"line":123,"column":40},"end":{"line":123,"column":53}},{"start":{"line":123,"column":56},"end":{"line":123,"column":71}}],"line":123}},"s":{"0":0,"1":0,"2":0,"3":0,"4":0,"5":0,"6":0,"7":0,"8":0,"9":0,"10":0,"11":0,"12":0,"13":0,"14":0,"15":0,"16":0,"17":0,"18":0,"19":0,"20":0,"21":0,"22":0,"23":0,"24":0,"25":0,"26":0,"27":0,"28":0,"29":0,"30":0,"31":0,"32":0,"33":0,"34":0,"35":0,"36":0,"37":0,"38":0,"39":0,"40":0,"41":0,"42":0},"f":{"0":0,"1":0,"2":0,"3":0,"4":0,"5":0,"6":0,"7":0,"8":0,"9":0,"10":0,"11":0,"12":0,"13":0,"14":0},"b":{"0":[0,0],"1":[0,0],"2":[0,0],"3":[0,0]}}
,"C:\\Users\\ajayt\\d-app\\client\\services\\tonService.ts": {"path":"C:\\Users\\ajayt\\d-app\\client\\services\\tonService.ts","statementMap":{"0":{"start":{"line":29,"column":4},"end":{"line":29,"column":25}},"1":{"start":{"line":30,"column":4},"end":{"line":30,"column":48}},"2":{"start":{"line":37,"column":4},"end":{"line":83,"column":5}},"3":{"start":{"line":38,"column":23},"end":{"line":63,"column":8}},"4":{"start":{"line":65,"column":21},"end":{"line":65,"column":42}},"5":{"start":{"line":67,"column":6},"end":{"line":77,"column":7}},"6":{"start":{"line":68,"column":8},"end":{"line":71,"column":10}},"7":{"start":{"line":73,"column":8},"end":{"line":76,"column":10}},"8":{"start":{"line":79,"column":6},"end":{"line":82,"column":8}},"9":{"start":{"line":90,"column":4},"end":{"line":127,"column":5}},"10":{"start":{"line":91,"column":23},"end":{"line":112,"column":8}},"11":{"start":{"line":114,"column":21},"end":{"line":114,"column":42}},"12":{"start":{"line":116,"column":6},"end":{"line":120,"column":8}},"13":{"start":{"line":122,"column":6},"end":{"line":122,"column":61}},"14":{"start":{"line":123,"column":6},"end":{"line":126,"column":8}},"15":{"start":{"line":134,"column":4},"end":{"line":151,"column":5}},"16":{"start":{"line":135,"column":23},"end":{"line":144,"column":8}},"17":{"start":{"line":146,"column":21},"end":{"line":146,"column":42}},"18":{"start":{"line":147,"column":6},"end":{"line":147,"column":35}},"19":{"start":{"line":149,"column":6},"end":{"line":149,"column":62}},"20":{"start":{"line":150,"column":6},"end":{"line":150,"column":17}},"21":{"start":{"line":158,"column":4},"end":{"line":193,"column":5}},"22":{"start":{"line":159,"column":23},"end":{"line":173,"column":8}},"23":{"start":{"line":175,"column":21},"end":{"line":175,"column":42}},"24":{"start":{"line":177,"column":6},"end":{"line":187,"column":7}},"25":{"start":{"line":178,"column":8},"end":{"line":181,"column":10}},"26":{"start":{"line":183,"column":8},"end":{"line":186,"column":10}},"27":{"start":{"line":189,"column":6},"end":{"line":192,"column":8}},"28":{"start":{"line":200,"column":4},"end":{"line":228,"column":5}},"29":{"start":{"line":201,"column":23},"end":{"line":217,"column":8}},"30":{"start":{"line":219,"column":21},"end":{"line":219,"column":42}},"31":{"start":{"line":220,"column":6},"end":{"line":224,"column":10}},"32":{"start":{"line":220,"column":54},"end":{"line":224,"column":7}},"33":{"start":{"line":226,"column":6},"end":{"line":226,"column":52}},"34":{"start":{"line":227,"column":6},"end":{"line":227,"column":16}},"35":{"start":{"line":234,"column":4},"end":{"line":234,"column":51}},"36":{"start":{"line":239,"column":4},"end":{"line":239,"column":52}},"37":{"start":{"line":244,"column":4},"end":{"line":244,"column":53}},"38":{"start":{"line":249,"column":4},"end":{"line":249,"column":53}},"39":{"start":{"line":255,"column":4},"end":{"line":255,"column":33}},"40":{"start":{"line":260,"column":51},"end":{"line":264,"column":1}},"41":{"start":{"line":267,"column":26},"end":{"line":267,"column":58}}},"fnMap":{"0":{"name":"(anonymous_0)","decl":{"start":{"line":28,"column":2},"end":{"line":28,"column":3}},"loc":{"start":{"line":28,"column":58},"end":{"line":31,"column":3}},"line":28},"1":{"name":"(anonymous_1)","decl":{"start":{"line":36,"column":2},"end":{"line":36,"column":3}},"loc":{"start":{"line":36,"column":105},"end":{"line":84,"column":3}},"line":36},"2":{"name":"(anonymous_2)","decl":{"start":{"line":89,"column":2},"end":{"line":89,"column":3}},"loc":{"start":{"line":89,"column":68},"end":{"line":128,"column":3}},"line":89},"3":{"name":"(anonymous_3)","decl":{"start":{"line":133,"column":2},"end":{"line":133,"column":3}},"loc":{"start":{"line":133,"column":46},"end":{"line":152,"column":3}},"line":133},"4":{"name":"(anonymous_4)","decl":{"start":{"line":157,"column":2},"end":{"line":157,"column":3}},"loc":{"start":{"line":157,"column":95},"end":{"line":194,"column":3}},"line":157},"5":{"name":"(anonymous_5)","decl":{"start":{"line":199,"column":2},"end":{"line":199,"column":3}},"loc":{"start":{"line":199,"column":45},"end":{"line":229,"column":3}},"line":199},"6":{"name":"(anonymous_6)","decl":{"start":{"line":220,"column":37},"end":{"line":220,"column":38}},"loc":{"start":{"line":220,"column":54},"end":{"line":224,"column":7}},"line":220},"7":{"name":"(anonymous_7)","decl":{"start":{"line":232,"column":2},"end":{"line":232,"column":3}},"loc":{"start":{"line":232,"column":56},"end":{"line":235,"column":3}},"line":232},"8":{"name":"(anonymous_8)","decl":{"start":{"line":237,"column":2},"end":{"line":237,"column":3}},"loc":{"start":{"line":237,"column":55},"end":{"line":240,"column":3}},"line":237},"9":{"name":"(anonymous_9)","decl":{"start":{"line":242,"column":2},"end":{"line":242,"column":3}},"loc":{"start":{"line":242,"column":56},"end":{"line":245,"column":3}},"line":242},"10":{"name":"(anonymous_10)","decl":{"start":{"line":247,"column":2},"end":{"line":247,"column":3}},"loc":{"start":{"line":247,"column":54},"end":{"line":250,"column":3}},"line":247},"11":{"name":"(anonymous_11)","decl":{"start":{"line":252,"column":2},"end":{"line":252,"column":3}},"loc":{"start":{"line":252,"column":44},"end":{"line":256,"column":3}},"line":252}},"branchMap":{"0":{"loc":{"start":{"line":30,"column":18},"end":{"line":30,"column":47}},"type":"binary-expr","locations":[{"start":{"line":30,"column":18},"end":{"line":30,"column":24}},{"start":{"line":30,"column":28},"end":{"line":30,"column":47}}],"line":30},"1":{"loc":{"start":{"line":67,"column":6},"end":{"line":77,"column":7}},"type":"if","locations":[{"start":{"line":67,"column":6},"end":{"line":77,"column":7}},{"start":{"line":72,"column":13},"end":{"line":77,"column":7}}],"line":67},"2":{"loc":{"start":{"line":81,"column":15},"end":{"line":81,"column":71}},"type":"cond-expr","locations":[{"start":{"line":81,"column":40},"end":{"line":81,"column":53}},{"start":{"line":81,"column":56},"end":{"line":81,"column":71}}],"line":81},"3":{"loc":{"start":{"line":177,"column":6},"end":{"line":187,"column":7}},"type":"if","locations":[{"start":{"line":177,"column":6},"end":{"line":187,"column":7}},{"start":{"line":182,"column":13},"end":{"line":187,"column":7}}],"line":177},"4":{"loc":{"start":{"line":191,"column":15},"end":{"line":191,"column":71}},"type":"cond-expr","locations":[{"start":{"line":191,"column":40},"end":{"line":191,"column":53}},{"start":{"line":191,"column":56},"end":{"line":191,"column":71}}],"line":191}},"s":{"0":0,"1":0,"2":0,"3":0,"4":0,"5":0,"6":0,"7":0,"8":0,"9":0,"10":0,"11":0,"12":0,"13":0,"14":0,"15":0,"16":0,"17":0,"18":0,"19":0,"20":0,"21":0,"22":0,"23":0,"24":0,"25":0,"26":0,"27":0,"28":0,"29":0,"30":0,"31":0,"32":0,"33":0,"34":0,"35":0,"36":0,"37":0,"38":0,"39":0,"40":0,"41":0},"f":{"0":0,"1":0,"2":0,"3":0,"4":0,"5":0,"6":0,"7":0,"8":0,"9":0,"10":0,"11":0},"b":{"0":[0,0],"1":[0,0],"2":[0,0],"3":[0,0],"4":[0,0]}}
,"C:\\Users\\ajayt\\d-app\\client\\tests\\test-utils.ts": {"path":"C:\\Users\\ajayt\\d-app\\client\\tests\\test-utils.ts","statementMap":{"0":{"start":{"line":10,"column":39},"end":{"line":50,"column":1}},"1":{"start":{"line":53,"column":40},"end":{"line":62,"column":1}},"2":{"start":{"line":65,"column":40},"end":{"line":68,"column":1}},"3":{"start":{"line":71,"column":48},"end":{"line":75,"column":1}},"4":{"start":{"line":78,"column":34},"end":{"line":91,"column":2}},"5":{"start":{"line":78,"column":82},"end":{"line":91,"column":1}},"6":{"start":{"line":93,"column":35},"end":{"line":97,"column":2}},"7":{"start":{"line":93,"column":87},"end":{"line":97,"column":1}},"8":{"start":{"line":99,"column":34},"end":{"line":101,"column":1}},"9":{"start":{"line":100,"column":2},"end":{"line":100,"column":84}},"10":{"start":{"line":100,"column":43},"end":{"line":100,"column":79}},"11":{"start":{"line":103,"column":36},"end":{"line":107,"column":1}},"12":{"start":{"line":104,"column":2},"end":{"line":106,"column":15}},"13":{"start":{"line":105,"column":4},"end":{"line":105,"column":84}},"14":{"start":{"line":110,"column":37},"end":{"line":112,"column":1}},"15":{"start":{"line":111,"column":2},"end":{"line":111,"column":49}},"16":{"start":{"line":114,"column":45},"end":{"line":116,"column":1}},"17":{"start":{"line":115,"column":2},"end":{"line":115,"column":71}},"18":{"start":{"line":118,"column":37},"end":{"line":132,"column":1}},"19":{"start":{"line":119,"column":2},"end":{"line":131,"column":6}},"20":{"start":{"line":119,"column":50},"end":{"line":131,"column":3}},"21":{"start":{"line":135,"column":32},"end":{"line":140,"column":1}},"22":{"start":{"line":142,"column":37},"end":{"line":147,"column":1}},"23":{"start":{"line":143,"column":2},"end":{"line":143,"column":76}},"24":{"start":{"line":144,"column":2},"end":{"line":144,"column":56}},"25":{"start":{"line":145,"column":2},"end":{"line":145,"column":59}},"26":{"start":{"line":146,"column":2},"end":{"line":146,"column":54}},"27":{"start":{"line":149,"column":37},"end":{"line":152,"column":1}},"28":{"start":{"line":150,"column":2},"end":{"line":150,"column":23}},"29":{"start":{"line":151,"column":2},"end":{"line":151,"column":26}},"30":{"start":{"line":155,"column":30},"end":{"line":161,"column":1}},"31":{"start":{"line":163,"column":35},"end":{"line":185,"column":1}},"32":{"start":{"line":164,"column":2},"end":{"line":167,"column":5}},"33":{"start":{"line":169,"column":2},"end":{"line":173,"column":5}},"34":{"start":{"line":175,"column":2},"end":{"line":177,"column":4}},"35":{"start":{"line":179,"column":2},"end":{"line":182,"column":5}},"36":{"start":{"line":184,"column":2},"end":{"line":184,"column":52}},"37":{"start":{"line":187,"column":35},"end":{"line":190,"column":1}},"38":{"start":{"line":188,"column":2},"end":{"line":188,"column":23}},"39":{"start":{"line":189,"column":2},"end":{"line":189,"column":24}},"40":{"start":{"line":193,"column":25},"end":{"line":193,"column":34}},"41":{"start":{"line":194,"column":30},"end":{"line":197,"column":1}},"42":{"start":{"line":195,"column":2},"end":{"line":195,"column":38}},"43":{"start":{"line":196,"column":2},"end":{"line":196,"column":24}},"44":{"start":{"line":200,"column":26},"end":{"line":204,"column":1}},"45":{"start":{"line":206,"column":31},"end":{"line":208,"column":1}},"46":{"start":{"line":207,"column":2},"end":{"line":207,"column":23}},"47":{"start":{"line":211,"column":28},"end":{"line":215,"column":1}},"48":{"start":{"line":217,"column":28},"end":{"line":219,"column":1}},"49":{"start":{"line":218,"column":2},"end":{"line":218,"column":57}},"50":{"start":{"line":218,"column":32},"end":{"line":218,"column":55}},"51":{"start":{"line":222,"column":36},"end":{"line":224,"column":1}},"52":{"start":{"line":223,"column":2},"end":{"line":223,"column":28}},"53":{"start":{"line":226,"column":36},"end":{"line":228,"column":1}},"54":{"start":{"line":227,"column":2},"end":{"line":227,"column":28}},"55":{"start":{"line":230,"column":37},"end":{"line":232,"column":1}},"56":{"start":{"line":231,"column":2},"end":{"line":231,"column":28}},"57":{"start":{"line":235,"column":34},"end":{"line":240,"column":1}},"58":{"start":{"line":236,"column":20},"end":{"line":236,"column":30}},"59":{"start":{"line":237,"column":2},"end":{"line":237,"column":20}},"60":{"start":{"line":238,"column":18},"end":{"line":238,"column":28}},"61":{"start":{"line":239,"column":2},"end":{"line":239,"column":29}},"62":{"start":{"line":242,"column":33},"end":{"line":248,"column":1}},"63":{"start":{"line":246,"column":19},"end":{"line":246,"column":54}},"64":{"start":{"line":247,"column":2},"end":{"line":247,"column":45}}},"fnMap":{"0":{"name":"(anonymous_0)","decl":{"start":{"line":78,"column":34},"end":{"line":78,"column":35}},"loc":{"start":{"line":78,"column":82},"end":{"line":91,"column":1}},"line":78},"1":{"name":"(anonymous_1)","decl":{"start":{"line":93,"column":35},"end":{"line":93,"column":36}},"loc":{"start":{"line":93,"column":87},"end":{"line":97,"column":1}},"line":93},"2":{"name":"(anonymous_2)","decl":{"start":{"line":99,"column":34},"end":{"line":99,"column":35}},"loc":{"start":{"line":99,"column":68},"end":{"line":101,"column":1}},"line":99},"3":{"name":"(anonymous_3)","decl":{"start":{"line":100,"column":26},"end":{"line":100,"column":27}},"loc":{"start":{"line":100,"column":43},"end":{"line":100,"column":79}},"line":100},"4":{"name":"(anonymous_4)","decl":{"start":{"line":103,"column":36},"end":{"line":103,"column":37}},"loc":{"start":{"line":103,"column":66},"end":{"line":107,"column":1}},"line":103},"5":{"name":"(anonymous_5)","decl":{"start":{"line":104,"column":19},"end":{"line":104,"column":20}},"loc":{"start":{"line":105,"column":4},"end":{"line":105,"column":84}},"line":105},"6":{"name":"(anonymous_6)","decl":{"start":{"line":110,"column":37},"end":{"line":110,"column":38}},"loc":{"start":{"line":110,"column":51},"end":{"line":112,"column":1}},"line":110},"7":{"name":"(anonymous_7)","decl":{"start":{"line":114,"column":45},"end":{"line":114,"column":46}},"loc":{"start":{"line":114,"column":59},"end":{"line":116,"column":1}},"line":114},"8":{"name":"(anonymous_8)","decl":{"start":{"line":118,"column":37},"end":{"line":118,"column":38}},"loc":{"start":{"line":118,"column":67},"end":{"line":132,"column":1}},"line":118},"9":{"name":"(anonymous_9)","decl":{"start":{"line":119,"column":39},"end":{"line":119,"column":40}},"loc":{"start":{"line":119,"column":50},"end":{"line":131,"column":3}},"line":119},"10":{"name":"(anonymous_10)","decl":{"start":{"line":142,"column":37},"end":{"line":142,"column":38}},"loc":{"start":{"line":142,"column":43},"end":{"line":147,"column":1}},"line":142},"11":{"name":"(anonymous_11)","decl":{"start":{"line":149,"column":37},"end":{"line":149,"column":38}},"loc":{"start":{"line":149,"column":43},"end":{"line":152,"column":1}},"line":149},"12":{"name":"(anonymous_12)","decl":{"start":{"line":163,"column":35},"end":{"line":163,"column":36}},"loc":{"start":{"line":163,"column":41},"end":{"line":185,"column":1}},"line":163},"13":{"name":"(anonymous_13)","decl":{"start":{"line":187,"column":35},"end":{"line":187,"column":36}},"loc":{"start":{"line":187,"column":41},"end":{"line":190,"column":1}},"line":187},"14":{"name":"(anonymous_14)","decl":{"start":{"line":194,"column":30},"end":{"line":194,"column":31}},"loc":{"start":{"line":194,"column":36},"end":{"line":197,"column":1}},"line":194},"15":{"name":"(anonymous_15)","decl":{"start":{"line":206,"column":31},"end":{"line":206,"column":32}},"loc":{"start":{"line":206,"column":37},"end":{"line":208,"column":1}},"line":206},"16":{"name":"(anonymous_16)","decl":{"start":{"line":217,"column":28},"end":{"line":217,"column":29}},"loc":{"start":{"line":217,"column":65},"end":{"line":219,"column":1}},"line":217},"17":{"name":"(anonymous_17)","decl":{"start":{"line":218,"column":21},"end":{"line":218,"column":22}},"loc":{"start":{"line":218,"column":32},"end":{"line":218,"column":55}},"line":218},"18":{"name":"(anonymous_18)","decl":{"start":{"line":222,"column":36},"end":{"line":222,"column":37}},"loc":{"start":{"line":222,"column":75},"end":{"line":224,"column":1}},"line":222},"19":{"name":"(anonymous_19)","decl":{"start":{"line":226,"column":36},"end":{"line":226,"column":37}},"loc":{"start":{"line":226,"column":69},"end":{"line":228,"column":1}},"line":226},"20":{"name":"(anonymous_20)","decl":{"start":{"line":230,"column":37},"end":{"line":230,"column":38}},"loc":{"start":{"line":230,"column":88},"end":{"line":232,"column":1}},"line":230},"21":{"name":"(anonymous_21)","decl":{"start":{"line":235,"column":34},"end":{"line":235,"column":35}},"loc":{"start":{"line":235,"column":92},"end":{"line":240,"column":1}},"line":235},"22":{"name":"(anonymous_22)","decl":{"start":{"line":242,"column":33},"end":{"line":242,"column":34}},"loc":{"start":{"line":245,"column":20},"end":{"line":248,"column":1}},"line":245}},"branchMap":{"0":{"loc":{"start":{"line":78,"column":35},"end":{"line":78,"column":67}},"type":"default-arg","locations":[{"start":{"line":78,"column":65},"end":{"line":78,"column":67}}],"line":78},"1":{"loc":{"start":{"line":93,"column":36},"end":{"line":93,"column":70}},"type":"default-arg","locations":[{"start":{"line":93,"column":68},"end":{"line":93,"column":70}}],"line":93},"2":{"loc":{"start":{"line":217,"column":29},"end":{"line":217,"column":45}},"type":"default-arg","locations":[{"start":{"line":217,"column":42},"end":{"line":217,"column":45}}],"line":217},"3":{"loc":{"start":{"line":222,"column":37},"end":{"line":222,"column":70}},"type":"default-arg","locations":[{"start":{"line":222,"column":55},"end":{"line":222,"column":70}}],"line":222},"4":{"loc":{"start":{"line":226,"column":37},"end":{"line":226,"column":64}},"type":"default-arg","locations":[{"start":{"line":226,"column":55},"end":{"line":226,"column":64}}],"line":226},"5":{"loc":{"start":{"line":230,"column":38},"end":{"line":230,"column":83}},"type":"default-arg","locations":[{"start":{"line":230,"column":56},"end":{"line":230,"column":83}}],"line":230}},"s":{"0":0,"1":0,"2":0,"3":0,"4":0,"5":0,"6":0,"7":0,"8":0,"9":0,"10":0,"11":0,"12":0,"13":0,"14":0,"15":0,"16":0,"17":0,"18":0,"19":0,"20":0,"21":0,"22":0,"23":0,"24":0,"25":0,"26":0,"27":0,"28":0,"29":0,"30":0,"31":0,"32":0,"33":0,"34":0,"35":0,"36":0,"37":0,"38":0,"39":0,"40":0,"41":0,"42":0,"43":0,"44":0,"45":0,"46":0,"47":0,"48":0,"49":0,"50":0,"51":0,"52":0,"53":0,"54":0,"55":0,"56":0,"57":0,"58":0,"59":0,"60":0,"61":0,"62":0,"63":0,"64":0},"f":{"0":0,"1":0,"2":0,"3":0,"4":0,"5":0,"6":0,"7":0,"8":0,"9":0,"10":0,"11":0,"12":0,"13":0,"14":0,"15":0,"16":0,"17":0,"18":0,"19":0,"20":0,"21":0,"22":0},"b":{"0":[0],"1":[0],"2":[0],"3":[0],"4":[0],"5":[0]}}
}
