TN:
SF:app\+not-found.tsx
FN:7,NotFoundScreen
FNF:1
FNH:0
FNDA:0,NotFoundScreen
DA:8,0
DA:21,0
LF:2
LH:0
BRF:0
BRH:0
end_of_record
TN:
SF:app\_layout.tsx
FN:10,RootLayout
FN:16,(anonymous_1)
FNF:2
FNH:0
FNDA:0,RootLayout
FNDA:0,(anonymous_1)
DA:11,0
DA:12,0
DA:16,0
DA:18,0
DA:19,0
DA:20,0
DA:21,0
DA:22,0
DA:23,0
DA:27,0
DA:29,0
DA:32,0
LF:12
LH:0
BRDA:18,0,0,0
BRDA:18,0,1,0
BRDA:18,1,0,0
BRDA:18,1,1,0
BRDA:18,1,2,0
BRDA:27,2,0,0
BRDA:27,2,1,0
BRDA:34,3,0,0
BRDA:34,3,1,0
BRF:9
BRH:0
end_of_record
TN:
SF:app\checkout-fixed.tsx
FN:12,CheckoutScreen
FN:17,(anonymous_1)
FN:33,(anonymous_2)
FN:46,(anonymous_3)
FN:63,(anonymous_4)
FN:84,(anonymous_5)
FN:89,(anonymous_6)
FN:94,(anonymous_7)
FN:103,(anonymous_8)
FN:105,(anonymous_9)
FN:118,(anonymous_10)
FN:122,(anonymous_11)
FN:130,(anonymous_12)
FN:131,(anonymous_13)
FN:134,(anonymous_14)
FN:148,(anonymous_15)
FN:190,(anonymous_16)
FNF:17
FNH:0
FNDA:0,CheckoutScreen
FNDA:0,(anonymous_1)
FNDA:0,(anonymous_2)
FNDA:0,(anonymous_3)
FNDA:0,(anonymous_4)
FNDA:0,(anonymous_5)
FNDA:0,(anonymous_6)
FNDA:0,(anonymous_7)
FNDA:0,(anonymous_8)
FNDA:0,(anonymous_9)
FNDA:0,(anonymous_10)
FNDA:0,(anonymous_11)
FNDA:0,(anonymous_12)
FNDA:0,(anonymous_13)
FNDA:0,(anonymous_14)
FNDA:0,(anonymous_15)
FNDA:0,(anonymous_16)
DA:13,0
DA:14,0
DA:15,0
DA:17,0
DA:18,0
DA:19,0
DA:20,0
DA:23,0
DA:24,0
DA:25,0
DA:27,0
DA:28,0
DA:30,0
DA:31,0
DA:33,0
DA:38,0
DA:39,0
DA:41,0
DA:43,0
DA:44,0
DA:45,0
DA:46,0
DA:51,0
DA:52,0
DA:54,0
DA:59,0
DA:60,0
DA:61,0
DA:62,0
DA:63,0
DA:68,0
DA:69,0
DA:71,0
DA:72,0
DA:76,0
DA:77,0
DA:78,0
DA:80,0
DA:84,0
DA:85,0
DA:88,0
DA:90,0
DA:94,0
DA:95,0
DA:104,0
DA:105,0
DA:106,0
DA:107,0
DA:109,0
DA:110,0
DA:118,0
DA:119,0
DA:122,0
DA:123,0
DA:124,0
DA:125,0
DA:127,0
DA:130,0
DA:131,0
DA:134,0
DA:135,0
DA:148,0
DA:154,0
DA:155,0
DA:164,0
DA:190,0
DA:223,0
LF:67
LH:0
BRDA:23,0,0,0
BRDA:23,0,1,0
BRDA:23,1,0,0
BRDA:23,1,1,0
BRDA:35,2,0,0
BRDA:35,2,1,0
BRDA:36,3,0,0
BRDA:36,3,1,0
BRDA:44,4,0,0
BRDA:44,4,1,0
BRDA:48,5,0,0
BRDA:48,5,1,0
BRDA:49,6,0,0
BRDA:49,6,1,0
BRDA:61,7,0,0
BRDA:61,7,1,0
BRDA:65,8,0,0
BRDA:65,8,1,0
BRDA:66,9,0,0
BRDA:66,9,1,0
BRDA:123,10,0,0
BRDA:123,10,1,0
BRDA:131,11,0,0
BRDA:131,11,1,0
BRDA:136,12,0,0
BRDA:136,12,1,0
BRDA:143,13,0,0
BRDA:143,13,1,0
BRDA:144,14,0,0
BRDA:144,14,1,0
BRDA:145,15,0,0
BRDA:145,15,1,0
BRDA:147,16,0,0
BRDA:147,16,1,0
BRDA:154,17,0,0
BRDA:154,17,1,0
BRDA:175,18,0,0
BRDA:175,18,1,0
BRF:38
BRH:0
end_of_record
TN:
SF:app\checkout-smart-contract.tsx
FN:20,CheckoutScreen
FN:26,(anonymous_1)
FN:41,(anonymous_2)
FN:54,(anonymous_3)
FN:71,(anonymous_4)
FN:92,(anonymous_5)
FN:97,(anonymous_6)
FN:102,(anonymous_7)
FN:111,(anonymous_8)
FN:113,(anonymous_9)
FN:126,(anonymous_10)
FN:130,(anonymous_11)
FN:146,(anonymous_12)
FN:154,(anonymous_13)
FN:159,(anonymous_14)
FN:186,(anonymous_15)
FN:207,(anonymous_16)
FN:208,(anonymous_17)
FN:211,(anonymous_18)
FN:225,(anonymous_19)
FN:267,(anonymous_20)
FNF:21
FNH:0
FNDA:0,CheckoutScreen
FNDA:0,(anonymous_1)
FNDA:0,(anonymous_2)
FNDA:0,(anonymous_3)
FNDA:0,(anonymous_4)
FNDA:0,(anonymous_5)
FNDA:0,(anonymous_6)
FNDA:0,(anonymous_7)
FNDA:0,(anonymous_8)
FNDA:0,(anonymous_9)
FNDA:0,(anonymous_10)
FNDA:0,(anonymous_11)
FNDA:0,(anonymous_12)
FNDA:0,(anonymous_13)
FNDA:0,(anonymous_14)
FNDA:0,(anonymous_15)
FNDA:0,(anonymous_16)
FNDA:0,(anonymous_17)
FNDA:0,(anonymous_18)
FNDA:0,(anonymous_19)
FNDA:0,(anonymous_20)
DA:14,0
DA:21,0
DA:22,0
DA:23,0
DA:24,0
DA:26,0
DA:27,0
DA:28,0
DA:29,0
DA:32,0
DA:33,0
DA:34,0
DA:35,0
DA:36,0
DA:38,0
DA:39,0
DA:41,0
DA:46,0
DA:47,0
DA:49,0
DA:51,0
DA:52,0
DA:53,0
DA:54,0
DA:59,0
DA:60,0
DA:62,0
DA:67,0
DA:68,0
DA:69,0
DA:70,0
DA:71,0
DA:76,0
DA:77,0
DA:79,0
DA:80,0
DA:84,0
DA:85,0
DA:86,0
DA:88,0
DA:92,0
DA:93,0
DA:96,0
DA:98,0
DA:102,0
DA:103,0
DA:112,0
DA:113,0
DA:114,0
DA:115,0
DA:117,0
DA:118,0
DA:126,0
DA:127,0
DA:130,0
DA:131,0
DA:132,0
DA:133,0
DA:136,0
DA:138,0
DA:147,0
DA:154,0
DA:155,0
DA:156,0
DA:159,0
DA:160,0
DA:164,0
DA:166,0
DA:171,0
DA:174,0
DA:176,0
DA:177,0
DA:178,0
DA:180,0
DA:188,0
DA:189,0
DA:190,0
DA:196,0
DA:197,0
DA:200,0
DA:201,0
DA:203,0
DA:207,0
DA:208,0
DA:211,0
DA:212,0
DA:225,0
DA:231,0
DA:232,0
DA:241,0
DA:267,0
DA:320,0
LF:92
LH:0
BRDA:32,0,0,0
BRDA:32,0,1,0
BRDA:32,1,0,0
BRDA:32,1,1,0
BRDA:43,2,0,0
BRDA:43,2,1,0
BRDA:44,3,0,0
BRDA:44,3,1,0
BRDA:52,4,0,0
BRDA:52,4,1,0
BRDA:56,5,0,0
BRDA:56,5,1,0
BRDA:57,6,0,0
BRDA:57,6,1,0
BRDA:69,7,0,0
BRDA:69,7,1,0
BRDA:73,8,0,0
BRDA:73,8,1,0
BRDA:74,9,0,0
BRDA:74,9,1,0
BRDA:131,10,0,0
BRDA:131,10,1,0
BRDA:160,11,0,0
BRDA:160,11,1,0
BRDA:160,12,0,0
BRDA:160,12,1,0
BRDA:160,13,0,0
BRDA:160,13,1,0
BRDA:164,14,0,0
BRDA:164,14,1,0
BRDA:176,15,0,0
BRDA:176,15,1,0
BRDA:208,16,0,0
BRDA:208,16,1,0
BRDA:213,17,0,0
BRDA:213,17,1,0
BRDA:220,18,0,0
BRDA:220,18,1,0
BRDA:221,19,0,0
BRDA:221,19,1,0
BRDA:222,20,0,0
BRDA:222,20,1,0
BRDA:224,21,0,0
BRDA:224,21,1,0
BRDA:231,22,0,0
BRDA:231,22,1,0
BRDA:252,23,0,0
BRDA:252,23,1,0
BRDA:307,24,0,0
BRDA:307,24,1,0
BRDA:311,25,0,0
BRDA:311,25,1,0
BRF:52
BRH:0
end_of_record
TN:
SF:app\checkout-ton.tsx
FN:33,CheckoutTonScreen
FN:61,(anonymous_1)
FN:66,(anonymous_2)
FN:74,(anonymous_3)
FN:87,(anonymous_4)
FN:91,(anonymous_5)
FN:92,(anonymous_6)
FN:95,(anonymous_7)
FN:96,(anonymous_8)
FN:100,(anonymous_9)
FN:123,(anonymous_10)
FN:154,(anonymous_11)
FN:172,(anonymous_12)
FN:175,(anonymous_13)
FN:189,(anonymous_14)
FN:206,(anonymous_15)
FN:215,(anonymous_16)
FN:224,(anonymous_17)
FN:233,(anonymous_18)
FN:234,(anonymous_19)
FN:243,(anonymous_20)
FN:269,(anonymous_21)
FN:276,(anonymous_22)
FN:282,(anonymous_23)
FN:288,(anonymous_24)
FN:294,(anonymous_25)
FN:300,(anonymous_26)
FN:307,(anonymous_27)
FN:314,(anonymous_28)
FN:321,(anonymous_29)
FN:336,(anonymous_30)
FN:344,(anonymous_31)
FNF:32
FNH:0
FNDA:0,CheckoutTonScreen
FNDA:0,(anonymous_1)
FNDA:0,(anonymous_2)
FNDA:0,(anonymous_3)
FNDA:0,(anonymous_4)
FNDA:0,(anonymous_5)
FNDA:0,(anonymous_6)
FNDA:0,(anonymous_7)
FNDA:0,(anonymous_8)
FNDA:0,(anonymous_9)
FNDA:0,(anonymous_10)
FNDA:0,(anonymous_11)
FNDA:0,(anonymous_12)
FNDA:0,(anonymous_13)
FNDA:0,(anonymous_14)
FNDA:0,(anonymous_15)
FNDA:0,(anonymous_16)
FNDA:0,(anonymous_17)
FNDA:0,(anonymous_18)
FNDA:0,(anonymous_19)
FNDA:0,(anonymous_20)
FNDA:0,(anonymous_21)
FNDA:0,(anonymous_22)
FNDA:0,(anonymous_23)
FNDA:0,(anonymous_24)
FNDA:0,(anonymous_25)
FNDA:0,(anonymous_26)
FNDA:0,(anonymous_27)
FNDA:0,(anonymous_28)
FNDA:0,(anonymous_29)
FNDA:0,(anonymous_30)
FNDA:0,(anonymous_31)
DA:34,0
DA:35,0
DA:36,0
DA:45,0
DA:46,0
DA:47,0
DA:48,0
DA:49,0
DA:59,0
DA:61,0
DA:62,0
DA:63,0
DA:64,0
DA:65,0
DA:66,0
DA:71,0
DA:72,0
DA:73,0
DA:74,0
DA:79,0
DA:82,0
DA:83,0
DA:87,0
DA:88,0
DA:91,0
DA:92,0
DA:95,0
DA:96,0
DA:97,0
DA:100,0
DA:102,0
DA:104,0
DA:105,0
DA:109,0
DA:110,0
DA:111,0
DA:114,0
DA:116,0
DA:118,0
DA:123,0
DA:136,0
DA:141,0
DA:143,0
DA:145,0
DA:146,0
DA:148,0
DA:156,0
DA:162,0
DA:165,0
DA:166,0
DA:168,0
DA:172,0
DA:173,0
DA:175,0
DA:176,0
DA:177,0
DA:179,0
DA:180,0
DA:181,0
DA:183,0
DA:190,0
DA:196,0
DA:199,0
DA:203,0
DA:206,0
DA:207,0
DA:208,0
DA:209,0
DA:216,0
DA:224,0
DA:225,0
DA:234,0
DA:235,0
DA:236,0
DA:243,0
DA:244,0
DA:245,0
DA:248,0
DA:269,0
DA:276,0
DA:282,0
DA:288,0
DA:294,0
DA:300,0
DA:307,0
DA:315,0
DA:321,0
DA:337,0
DA:344,0
DA:386,0
LF:90
LH:0
BRDA:64,0,0,0
BRDA:64,0,1,0
BRDA:68,1,0,0
BRDA:68,1,1,0
BRDA:69,2,0,0
BRDA:69,2,1,0
BRDA:72,3,0,0
BRDA:72,3,1,0
BRDA:72,4,0,0
BRDA:72,4,1,0
BRDA:76,5,0,0
BRDA:76,5,1,0
BRDA:77,6,0,0
BRDA:77,6,1,0
BRDA:96,7,0,0
BRDA:96,7,1,0
BRDA:102,8,0,0
BRDA:102,8,1,0
BRDA:102,9,0,0
BRDA:102,9,1,0
BRDA:102,9,2,0
BRDA:102,9,3,0
BRDA:102,9,4,0
BRDA:102,9,5,0
BRDA:109,10,0,0
BRDA:109,10,1,0
BRDA:127,11,0,0
BRDA:127,11,1,0
BRDA:138,12,0,0
BRDA:138,12,1,0
BRDA:145,13,0,0
BRDA:145,13,1,0
BRDA:145,14,0,0
BRDA:145,14,1,0
BRDA:162,15,0,0
BRDA:162,15,1,0
BRDA:179,16,0,0
BRDA:179,16,1,0
BRDA:260,17,0,0
BRDA:260,17,1,0
BRDA:319,18,0,0
BRDA:319,18,1,0
BRDA:331,19,0,0
BRDA:331,19,1,0
BRDA:338,20,0,0
BRDA:338,20,1,0
BRDA:342,21,0,0
BRDA:342,21,1,0
BRDA:356,22,0,0
BRDA:356,22,1,0
BRDA:360,23,0,0
BRDA:360,23,1,0
BRDA:362,24,0,0
BRDA:362,24,1,0
BRDA:368,25,0,0
BRDA:368,25,1,0
BRDA:368,25,2,0
BRDA:370,26,0,0
BRDA:370,26,1,0
BRDA:372,27,0,0
BRDA:372,27,1,0
BRDA:372,28,0,0
BRDA:372,28,1,0
BRDA:376,29,0,0
BRDA:376,29,1,0
BRF:65
BRH:0
end_of_record
TN:
SF:app\checkout.tsx
FN:12,CheckoutScreen
FN:17,(anonymous_1)
FN:26,(anonymous_2)
FN:39,(anonymous_3)
FN:60,(anonymous_4)
FN:65,(anonymous_5)
FN:70,(anonymous_6)
FN:79,(anonymous_7)
FN:81,(anonymous_8)
FN:94,(anonymous_9)
FN:98,(anonymous_10)
FN:106,(anonymous_11)
FN:107,(anonymous_12)
FN:110,(anonymous_13)
FN:124,(anonymous_14)
FN:166,(anonymous_15)
FNF:16
FNH:0
FNDA:0,CheckoutScreen
FNDA:0,(anonymous_1)
FNDA:0,(anonymous_2)
FNDA:0,(anonymous_3)
FNDA:0,(anonymous_4)
FNDA:0,(anonymous_5)
FNDA:0,(anonymous_6)
FNDA:0,(anonymous_7)
FNDA:0,(anonymous_8)
FNDA:0,(anonymous_9)
FNDA:0,(anonymous_10)
FNDA:0,(anonymous_11)
FNDA:0,(anonymous_12)
FNDA:0,(anonymous_13)
FNDA:0,(anonymous_14)
FNDA:0,(anonymous_15)
DA:13,0
DA:14,0
DA:15,0
DA:17,0
DA:18,0
DA:19,0
DA:20,0
DA:23,0
DA:24,0
DA:25,0
DA:26,0
DA:31,0
DA:32,0
DA:35,0
DA:36,0
DA:37,0
DA:38,0
DA:39,0
DA:44,0
DA:45,0
DA:47,0
DA:48,0
DA:52,0
DA:53,0
DA:54,0
DA:56,0
DA:60,0
DA:61,0
DA:64,0
DA:66,0
DA:70,0
DA:71,0
DA:80,0
DA:81,0
DA:82,0
DA:83,0
DA:85,0
DA:86,0
DA:94,0
DA:95,0
DA:98,0
DA:99,0
DA:100,0
DA:101,0
DA:103,0
DA:106,0
DA:107,0
DA:110,0
DA:111,0
DA:124,0
DA:130,0
DA:131,0
DA:140,0
DA:166,0
DA:199,0
LF:55
LH:0
BRDA:23,0,0,0
BRDA:23,0,1,0
BRDA:23,1,0,0
BRDA:23,1,1,0
BRDA:28,2,0,0
BRDA:28,2,1,0
BRDA:29,3,0,0
BRDA:29,3,1,0
BRDA:37,4,0,0
BRDA:37,4,1,0
BRDA:41,5,0,0
BRDA:41,5,1,0
BRDA:42,6,0,0
BRDA:42,6,1,0
BRDA:99,7,0,0
BRDA:99,7,1,0
BRDA:107,8,0,0
BRDA:107,8,1,0
BRDA:112,9,0,0
BRDA:112,9,1,0
BRDA:119,10,0,0
BRDA:119,10,1,0
BRDA:120,11,0,0
BRDA:120,11,1,0
BRDA:121,12,0,0
BRDA:121,12,1,0
BRDA:123,13,0,0
BRDA:123,13,1,0
BRDA:130,14,0,0
BRDA:130,14,1,0
BRDA:151,15,0,0
BRDA:151,15,1,0
BRF:32
BRH:0
end_of_record
TN:
SF:app\my-booking.tsx
FN:10,MyBookingScreen
FN:15,(anonymous_1)
FN:16,(anonymous_2)
FN:33,(anonymous_3)
FN:61,(anonymous_4)
FN:72,(anonymous_5)
FNF:6
FNH:0
FNDA:0,MyBookingScreen
FNDA:0,(anonymous_1)
FNDA:0,(anonymous_2)
FNDA:0,(anonymous_3)
FNDA:0,(anonymous_4)
FNDA:0,(anonymous_5)
DA:11,0
DA:12,0
DA:13,0
DA:15,0
DA:16,0
DA:17,0
DA:19,0
DA:20,0
DA:21,0
DA:23,0
DA:24,0
DA:26,0
DA:30,0
DA:33,0
DA:34,0
DA:42,0
DA:43,0
DA:50,0
DA:51,0
DA:58,0
DA:61,0
DA:72,0
DA:81,0
LF:23
LH:0
BRDA:42,0,0,0
BRDA:42,0,1,0
BRDA:50,1,0,0
BRDA:50,1,1,0
BRDA:67,2,0,0
BRDA:67,2,1,0
BRF:6
BRH:0
end_of_record
TN:
SF:app\my-order.tsx
FN:10,MyOrderScreen
FN:15,(anonymous_1)
FN:19,(anonymous_2)
FN:32,(anonymous_3)
FN:48,(anonymous_4)
FN:60,(anonymous_5)
FN:81,(anonymous_6)
FN:99,(anonymous_7)
FN:119,(anonymous_8)
FN:130,(anonymous_9)
FN:137,(anonymous_10)
FNF:11
FNH:0
FNDA:0,MyOrderScreen
FNDA:0,(anonymous_1)
FNDA:0,(anonymous_2)
FNDA:0,(anonymous_3)
FNDA:0,(anonymous_4)
FNDA:0,(anonymous_5)
FNDA:0,(anonymous_6)
FNDA:0,(anonymous_7)
FNDA:0,(anonymous_8)
FNDA:0,(anonymous_9)
FNDA:0,(anonymous_10)
DA:11,0
DA:12,0
DA:13,0
DA:15,0
DA:16,0
DA:19,0
DA:20,0
DA:21,0
DA:22,0
DA:23,0
DA:25,0
DA:26,0
DA:28,0
DA:32,0
DA:33,0
DA:49,0
DA:60,0
DA:61,0
DA:63,0
DA:65,0
DA:67,0
DA:69,0
DA:71,0
DA:73,0
DA:77,0
DA:78,0
DA:81,0
DA:95,0
DA:96,0
DA:99,0
DA:116,0
DA:119,0
DA:130,0
DA:137,0
DA:147,0
LF:35
LH:0
BRDA:23,0,0,0
BRDA:23,0,1,0
BRDA:61,1,0,0
BRDA:61,1,1,0
BRDA:61,1,2,0
BRDA:61,1,3,0
BRDA:61,1,4,0
BRDA:61,1,5,0
BRDA:77,2,0,0
BRDA:77,2,1,0
BRDA:95,3,0,0
BRDA:95,3,1,0
BRDA:126,4,0,0
BRDA:126,4,1,0
BRF:14
BRH:0
end_of_record
TN:
SF:app\profile.tsx
FN:10,ProfileScreen
FN:15,(anonymous_1)
FN:16,(anonymous_2)
FN:52,(anonymous_3)
FNF:4
FNH:0
FNDA:0,ProfileScreen
FNDA:0,(anonymous_1)
FNDA:0,(anonymous_2)
FNDA:0,(anonymous_3)
DA:11,0
DA:12,0
DA:13,0
DA:15,0
DA:16,0
DA:17,0
DA:19,0
DA:20,0
DA:21,0
DA:23,0
DA:24,0
DA:26,0
DA:30,0
DA:33,0
DA:34,0
DA:41,0
DA:42,0
DA:49,0
DA:52,0
DA:78,0
LF:20
LH:0
BRDA:33,0,0,0
BRDA:33,0,1,0
BRDA:41,1,0,0
BRDA:41,1,1,0
BRDA:60,2,0,0
BRDA:60,2,1,0
BRF:6
BRH:0
end_of_record
TN:
SF:app\rewards.tsx
FN:9,RewardsScreen
FN:13,(anonymous_1)
FNF:2
FNH:0
FNDA:0,RewardsScreen
FNDA:0,(anonymous_1)
DA:10,0
DA:13,0
DA:26,0
LF:3
LH:0
BRF:0
BRH:0
end_of_record
TN:
SF:app\(tabs)\_layout.tsx
FN:4,TabLayout
FNF:1
FNH:0
FNDA:0,TabLayout
DA:5,0
LF:1
LH:0
BRF:0
BRH:0
end_of_record
TN:
SF:app\(tabs)\cart.tsx
FN:12,CartScreen
FN:17,(anonymous_1)
FN:22,(anonymous_2)
FN:30,(anonymous_3)
FN:43,(anonymous_4)
FN:47,(anonymous_5)
FN:47,(anonymous_6)
FN:49,(anonymous_7)
FN:58,(anonymous_8)
FN:60,(anonymous_9)
FN:75,(anonymous_10)
FN:79,(anonymous_11)
FN:91,(anonymous_12)
FN:92,(anonymous_13)
FN:95,(anonymous_14)
FN:96,(anonymous_15)
FN:105,(anonymous_16)
FN:106,(anonymous_17)
FN:115,(anonymous_18)
FN:116,(anonymous_19)
FN:124,(anonymous_20)
FN:137,(anonymous_21)
FN:144,(anonymous_22)
FN:152,(anonymous_23)
FN:159,(anonymous_24)
FN:169,(anonymous_25)
FN:176,(anonymous_26)
FN:192,(anonymous_27)
FN:197,(anonymous_28)
FN:226,(anonymous_29)
FNF:30
FNH:0
FNDA:0,CartScreen
FNDA:0,(anonymous_1)
FNDA:0,(anonymous_2)
FNDA:0,(anonymous_3)
FNDA:0,(anonymous_4)
FNDA:0,(anonymous_5)
FNDA:0,(anonymous_6)
FNDA:0,(anonymous_7)
FNDA:0,(anonymous_8)
FNDA:0,(anonymous_9)
FNDA:0,(anonymous_10)
FNDA:0,(anonymous_11)
FNDA:0,(anonymous_12)
FNDA:0,(anonymous_13)
FNDA:0,(anonymous_14)
FNDA:0,(anonymous_15)
FNDA:0,(anonymous_16)
FNDA:0,(anonymous_17)
FNDA:0,(anonymous_18)
FNDA:0,(anonymous_19)
FNDA:0,(anonymous_20)
FNDA:0,(anonymous_21)
FNDA:0,(anonymous_22)
FNDA:0,(anonymous_23)
FNDA:0,(anonymous_24)
FNDA:0,(anonymous_25)
FNDA:0,(anonymous_26)
FNDA:0,(anonymous_27)
FNDA:0,(anonymous_28)
FNDA:0,(anonymous_29)
DA:13,0
DA:14,0
DA:15,0
DA:17,0
DA:18,0
DA:19,0
DA:20,0
DA:21,0
DA:22,0
DA:27,0
DA:28,0
DA:29,0
DA:30,0
DA:35,0
DA:38,0
DA:39,0
DA:43,0
DA:44,0
DA:47,0
DA:49,0
DA:50,0
DA:59,0
DA:60,0
DA:61,0
DA:62,0
DA:64,0
DA:66,0
DA:67,0
DA:75,0
DA:76,0
DA:79,0
DA:80,0
DA:81,0
DA:82,0
DA:85,0
DA:91,0
DA:92,0
DA:95,0
DA:96,0
DA:97,0
DA:101,0
DA:102,0
DA:105,0
DA:106,0
DA:107,0
DA:111,0
DA:112,0
DA:115,0
DA:116,0
DA:117,0
DA:121,0
DA:122,0
DA:124,0
DA:125,0
DA:138,0
DA:144,0
DA:153,0
DA:159,0
DA:169,0
DA:176,0
DA:192,0
DA:197,0
DA:203,0
DA:226,0
DA:246,0
LF:65
LH:0
BRDA:20,0,0,0
BRDA:20,0,1,0
BRDA:24,1,0,0
BRDA:24,1,1,0
BRDA:25,2,0,0
BRDA:25,2,1,0
BRDA:28,3,0,0
BRDA:28,3,1,0
BRDA:28,4,0,0
BRDA:28,4,1,0
BRDA:32,5,0,0
BRDA:32,5,1,0
BRDA:33,6,0,0
BRDA:33,6,1,0
BRDA:80,7,0,0
BRDA:80,7,1,0
BRDA:92,8,0,0
BRDA:92,8,1,0
BRDA:97,9,0,0
BRDA:97,9,1,0
BRDA:98,10,0,0
BRDA:98,10,1,0
BRDA:107,11,0,0
BRDA:107,11,1,0
BRDA:117,12,0,0
BRDA:117,12,1,0
BRDA:126,13,0,0
BRDA:126,13,1,0
BRDA:133,14,0,0
BRDA:133,14,1,0
BRDA:142,15,0,0
BRDA:142,15,1,0
BRDA:157,16,0,0
BRDA:157,16,1,0
BRDA:173,17,0,0
BRDA:173,17,1,0
BRDA:184,18,0,0
BRDA:184,18,1,0
BRDA:185,19,0,0
BRDA:185,19,1,0
BRDA:186,20,0,0
BRDA:186,20,1,0
BRDA:190,21,0,0
BRDA:190,21,1,0
BRDA:192,22,0,0
BRDA:192,22,1,0
BRDA:195,23,0,0
BRDA:195,23,1,0
BRDA:214,24,0,0
BRDA:214,24,1,0
BRF:50
BRH:0
end_of_record
TN:
SF:app\(tabs)\checkout.tsx
FN:9,CheckoutScreen
FN:20,(anonymous_1)
FN:33,(anonymous_2)
FNF:3
FNH:0
FNDA:0,CheckoutScreen
FNDA:0,(anonymous_1)
FNDA:0,(anonymous_2)
DA:10,0
DA:12,0
DA:14,0
DA:15,0
DA:16,0
DA:17,0
DA:18,0
DA:20,0
DA:21,0
DA:22,0
DA:23,0
DA:25,0
DA:26,0
DA:29,0
DA:33,0
DA:97,0
LF:16
LH:0
BRDA:12,0,0,0
BRDA:12,1,0,0
BRDA:12,2,0,0
BRDA:12,3,0,0
BRDA:12,4,0,0
BRDA:12,4,1,0
BRDA:21,5,0,0
BRDA:21,5,1,0
BRDA:21,6,0,0
BRDA:21,6,1,0
BRDA:21,6,2,0
BRDA:21,6,3,0
BRDA:21,6,4,0
BRF:13
BRH:0
end_of_record
TN:
SF:app\(tabs)\index.tsx
FN:7,Index
FN:21,(anonymous_1)
FNF:2
FNH:0
FNDA:0,Index
FNDA:0,(anonymous_1)
DA:8,0
DA:21,0
DA:30,0
LF:3
LH:0
BRF:0
BRH:0
end_of_record
TN:
SF:app\(tabs)\product-detail.tsx
FN:22,ProductDetailScreen
FN:34,(anonymous_1)
FN:35,(anonymous_2)
FN:70,(anonymous_3)
FN:81,(anonymous_4)
FN:98,(anonymous_5)
FN:111,(anonymous_6)
FN:122,(anonymous_7)
FN:147,(anonymous_8)
FN:166,(anonymous_9)
FN:173,(anonymous_10)
FN:182,(anonymous_11)
FN:189,(anonymous_12)
FNF:13
FNH:0
FNDA:0,ProductDetailScreen
FNDA:0,(anonymous_1)
FNDA:0,(anonymous_2)
FNDA:0,(anonymous_3)
FNDA:0,(anonymous_4)
FNDA:0,(anonymous_5)
FNDA:0,(anonymous_6)
FNDA:0,(anonymous_7)
FNDA:0,(anonymous_8)
FNDA:0,(anonymous_9)
FNDA:0,(anonymous_10)
FNDA:0,(anonymous_11)
FNDA:0,(anonymous_12)
DA:23,0
DA:24,0
DA:26,0
DA:27,0
DA:28,0
DA:29,0
DA:31,0
DA:32,0
DA:34,0
DA:35,0
DA:36,0
DA:37,0
DA:38,0
DA:40,0
DA:41,0
DA:42,0
DA:43,0
DA:44,0
DA:47,0
DA:48,0
DA:49,0
DA:50,0
DA:51,0
DA:52,0
DA:53,0
DA:55,0
DA:56,0
DA:57,0
DA:59,0
DA:63,0
DA:66,0
DA:67,0
DA:70,0
DA:77,0
DA:78,0
DA:81,0
DA:94,0
DA:95,0
DA:98,0
DA:111,0
DA:112,0
DA:122,0
DA:123,0
DA:133,0
DA:140,0
DA:143,0
DA:147,0
DA:167,0
DA:173,0
DA:183,0
DA:189,0
DA:208,0
LF:52
LH:0
BRDA:37,0,0,0
BRDA:37,0,1,0
BRDA:40,1,0,0
BRDA:40,1,1,0
BRDA:52,2,0,0
BRDA:52,2,1,0
BRDA:52,3,0,0
BRDA:52,3,1,0
BRDA:53,4,0,0
BRDA:53,4,1,0
BRDA:53,5,0,0
BRDA:53,5,1,0
BRDA:56,6,0,0
BRDA:56,6,1,0
BRDA:66,7,0,0
BRDA:66,7,1,0
BRDA:77,8,0,0
BRDA:77,8,1,0
BRDA:94,9,0,0
BRDA:94,9,1,0
BRDA:155,10,0,0
BRDA:155,10,1,0
BRDA:171,11,0,0
BRDA:171,11,1,0
BRDA:187,12,0,0
BRDA:187,12,1,0
BRF:26
BRH:0
end_of_record
TN:
SF:app\(tabs)\shop.tsx
FN:26,ShopScreen
FN:33,(anonymous_1)
FN:34,(anonymous_2)
FN:48,(anonymous_3)
FN:52,(anonymous_4)
FN:61,(anonymous_5)
FN:73,(anonymous_6)
FN:86,(anonymous_7)
FN:93,(anonymous_8)
FN:94,(anonymous_9)
FN:97,(anonymous_10)
FN:98,(anonymous_11)
FN:121,(anonymous_12)
FN:123,(anonymous_13)
FN:130,(anonymous_14)
FN:144,(anonymous_15)
FN:151,(anonymous_16)
FN:160,(anonymous_17)
FN:167,(anonymous_18)
FN:178,(anonymous_19)
FN:178,(anonymous_20)
FN:188,(anonymous_21)
FN:188,(anonymous_22)
FN:198,(anonymous_23)
FNF:24
FNH:0
FNDA:0,ShopScreen
FNDA:0,(anonymous_1)
FNDA:0,(anonymous_2)
FNDA:0,(anonymous_3)
FNDA:0,(anonymous_4)
FNDA:0,(anonymous_5)
FNDA:0,(anonymous_6)
FNDA:0,(anonymous_7)
FNDA:0,(anonymous_8)
FNDA:0,(anonymous_9)
FNDA:0,(anonymous_10)
FNDA:0,(anonymous_11)
FNDA:0,(anonymous_12)
FNDA:0,(anonymous_13)
FNDA:0,(anonymous_14)
FNDA:0,(anonymous_15)
FNDA:0,(anonymous_16)
FNDA:0,(anonymous_17)
FNDA:0,(anonymous_18)
FNDA:0,(anonymous_19)
FNDA:0,(anonymous_20)
FNDA:0,(anonymous_21)
FNDA:0,(anonymous_22)
FNDA:0,(anonymous_23)
DA:27,0
DA:28,0
DA:29,0
DA:30,0
DA:31,0
DA:33,0
DA:34,0
DA:35,0
DA:36,0
DA:37,0
DA:38,0
DA:39,0
DA:40,0
DA:42,0
DA:45,0
DA:48,0
DA:49,0
DA:52,0
DA:53,0
DA:61,0
DA:62,0
DA:63,0
DA:64,0
DA:66,0
DA:67,0
DA:68,0
DA:71,0
DA:72,0
DA:73,0
DA:75,0
DA:77,0
DA:79,0
DA:82,0
DA:83,0
DA:86,0
DA:87,0
DA:93,0
DA:94,0
DA:97,0
DA:98,0
DA:101,0
DA:122,0
DA:123,0
DA:130,0
DA:145,0
DA:151,0
DA:161,0
DA:167,0
DA:178,0
DA:188,0
DA:198,0
DA:209,0
LF:52
LH:0
BRDA:62,0,0,0
BRDA:62,0,1,0
BRDA:62,1,0,0
BRDA:62,1,1,0
BRDA:63,2,0,0
BRDA:63,2,1,0
BRDA:63,3,0,0
BRDA:63,3,1,0
BRDA:64,4,0,0
BRDA:64,4,1,0
BRDA:66,5,0,0
BRDA:66,5,1,0
BRDA:73,6,0,0
BRDA:73,6,1,0
BRDA:73,6,2,0
BRDA:75,7,0,0
BRDA:75,7,1,0
BRDA:77,8,0,0
BRDA:77,8,1,0
BRDA:124,9,0,0
BRDA:124,9,1,0
BRDA:149,10,0,0
BRDA:149,10,1,0
BRDA:165,11,0,0
BRDA:165,11,1,0
BRDA:180,12,0,0
BRDA:180,12,1,0
BRDA:185,13,0,0
BRDA:185,13,1,0
BRDA:190,14,0,0
BRDA:190,14,1,0
BRF:31
BRH:0
end_of_record
TN:
SF:app\(tabs)\travel-checkout.tsx
FN:10,TravelCheckoutScreen
FN:23,(anonymous_1)
FN:28,(anonymous_2)
FN:33,(anonymous_3)
FN:123,(anonymous_4)
FN:142,(anonymous_5)
FNF:6
FNH:0
FNDA:0,TravelCheckoutScreen
FNDA:0,(anonymous_1)
FNDA:0,(anonymous_2)
FNDA:0,(anonymous_3)
FNDA:0,(anonymous_4)
FNDA:0,(anonymous_5)
DA:11,0
DA:13,0
DA:15,0
DA:16,0
DA:17,0
DA:18,0
DA:20,0
DA:21,0
DA:23,0
DA:24,0
DA:25,0
DA:28,0
DA:29,0
DA:30,0
DA:33,0
DA:34,0
DA:35,0
DA:36,0
DA:40,0
DA:41,0
DA:42,0
DA:46,0
DA:47,0
DA:48,0
DA:52,0
DA:53,0
DA:54,0
DA:55,0
DA:58,0
DA:60,0
DA:61,0
DA:72,0
DA:73,0
DA:76,0
DA:106,0
DA:109,0
DA:110,0
DA:112,0
DA:113,0
DA:117,0
DA:125,0
DA:131,0
DA:132,0
DA:134,0
DA:138,0
DA:142,0
DA:234,0
LF:47
LH:0
BRDA:13,0,0,0
BRDA:13,1,0,0
BRDA:13,2,0,0
BRDA:13,3,0,0
BRDA:13,4,0,0
BRDA:13,4,1,0
BRDA:34,5,0,0
BRDA:34,5,1,0
BRDA:34,6,0,0
BRDA:34,6,1,0
BRDA:34,6,2,0
BRDA:40,7,0,0
BRDA:40,7,1,0
BRDA:46,8,0,0
BRDA:46,8,1,0
BRDA:53,9,0,0
BRDA:53,9,1,0
BRDA:92,10,0,0
BRDA:92,10,1,0
BRDA:109,11,0,0
BRDA:109,11,1,0
BRDA:199,12,0,0
BRDA:199,12,1,0
BRDA:218,13,0,0
BRDA:218,13,1,0
BRDA:222,14,0,0
BRDA:222,14,1,0
BRDA:226,15,0,0
BRDA:226,15,1,0
BRF:29
BRH:0
end_of_record
TN:
SF:app\(tabs)\travel-product-detail.tsx
FN:9,TravelProductDetailScreen
FN:33,(anonymous_1)
FN:39,(anonymous_2)
FN:54,(anonymous_3)
FN:81,(anonymous_4)
FN:102,(anonymous_5)
FN:135,(anonymous_6)
FN:142,(anonymous_7)
FNF:8
FNH:0
FNDA:0,TravelProductDetailScreen
FNDA:0,(anonymous_1)
FNDA:0,(anonymous_2)
FNDA:0,(anonymous_3)
FNDA:0,(anonymous_4)
FNDA:0,(anonymous_5)
FNDA:0,(anonymous_6)
FNDA:0,(anonymous_7)
DA:10,0
DA:11,0
DA:13,0
DA:14,0
DA:15,0
DA:16,0
DA:17,0
DA:19,0
DA:20,0
DA:21,0
DA:22,0
DA:23,0
DA:24,0
DA:26,0
DA:31,0
DA:33,0
DA:34,0
DA:35,0
DA:39,0
DA:40,0
DA:41,0
DA:42,0
DA:43,0
DA:44,0
DA:45,0
DA:48,0
DA:50,0
DA:54,0
DA:55,0
DA:56,0
DA:57,0
DA:61,0
DA:77,0
DA:81,0
DA:103,0
DA:136,0
DA:142,0
DA:163,0
LF:38
LH:0
BRDA:13,0,0,0
BRDA:13,1,0,0
BRDA:13,2,0,0
BRDA:13,3,0,0
BRDA:13,4,0,0
BRDA:13,5,0,0
BRDA:13,6,0,0
BRDA:13,7,0,0
BRDA:14,8,0,0
BRDA:14,8,1,0
BRDA:15,9,0,0
BRDA:15,9,1,0
BRDA:16,10,0,0
BRDA:16,10,1,0
BRDA:17,11,0,0
BRDA:17,11,1,0
BRDA:22,12,0,0
BRDA:22,12,1,0
BRDA:23,13,0,0
BRDA:23,13,1,0
BRDA:34,14,0,0
BRDA:34,14,1,0
BRDA:44,15,0,0
BRDA:44,15,1,0
BRDA:44,16,0,0
BRDA:44,16,1,0
BRDA:55,17,0,0
BRDA:55,17,1,0
BRDA:135,18,0,0
BRDA:135,18,1,0
BRDA:135,19,0,0
BRDA:135,19,1,0
BRDA:140,20,0,0
BRDA:140,20,1,0
BRDA:140,20,2,0
BRF:35
BRH:0
end_of_record
TN:
SF:app\(tabs)\travel.tsx
FN:12,TravelScreen
FN:31,(anonymous_1)
FN:40,(anonymous_2)
FN:45,(anonymous_3)
FN:57,(anonymous_4)
FN:63,(anonymous_5)
FN:67,(anonymous_6)
FN:124,(anonymous_7)
FN:141,(anonymous_8)
FN:151,(anonymous_9)
FN:180,(anonymous_10)
FN:186,(anonymous_11)
FN:186,(anonymous_12)
FN:190,(anonymous_13)
FN:191,(anonymous_14)
FN:199,(anonymous_15)
FN:202,(anonymous_16)
FN:248,(anonymous_17)
FN:259,(anonymous_18)
FN:265,(anonymous_19)
FNF:20
FNH:0
FNDA:0,TravelScreen
FNDA:0,(anonymous_1)
FNDA:0,(anonymous_2)
FNDA:0,(anonymous_3)
FNDA:0,(anonymous_4)
FNDA:0,(anonymous_5)
FNDA:0,(anonymous_6)
FNDA:0,(anonymous_7)
FNDA:0,(anonymous_8)
FNDA:0,(anonymous_9)
FNDA:0,(anonymous_10)
FNDA:0,(anonymous_11)
FNDA:0,(anonymous_12)
FNDA:0,(anonymous_13)
FNDA:0,(anonymous_14)
FNDA:0,(anonymous_15)
FNDA:0,(anonymous_16)
FNDA:0,(anonymous_17)
FNDA:0,(anonymous_18)
FNDA:0,(anonymous_19)
DA:13,0
DA:14,0
DA:15,0
DA:16,0
DA:18,0
DA:19,0
DA:20,0
DA:21,0
DA:22,0
DA:23,0
DA:24,0
DA:27,0
DA:28,0
DA:31,0
DA:33,0
DA:40,0
DA:41,0
DA:45,0
DA:46,0
DA:47,0
DA:48,0
DA:49,0
DA:51,0
DA:52,0
DA:57,0
DA:58,0
DA:59,0
DA:60,0
DA:63,0
DA:64,0
DA:67,0
DA:68,0
DA:69,0
DA:70,0
DA:74,0
DA:75,0
DA:76,0
DA:80,0
DA:81,0
DA:82,0
DA:83,0
DA:85,0
DA:86,0
DA:87,0
DA:90,0
DA:91,0
DA:92,0
DA:93,0
DA:94,0
DA:95,0
DA:96,0
DA:97,0
DA:99,0
DA:100,0
DA:103,0
DA:104,0
DA:106,0
DA:107,0
DA:108,0
DA:109,0
DA:110,0
DA:111,0
DA:112,0
DA:113,0
DA:114,0
DA:115,0
DA:118,0
DA:120,0
DA:124,0
DA:125,0
DA:141,0
DA:142,0
DA:143,0
DA:144,0
DA:145,0
DA:146,0
DA:151,0
DA:152,0
DA:153,0
DA:154,0
DA:158,0
DA:181,0
DA:182,0
DA:183,0
DA:186,0
DA:191,0
DA:199,0
DA:202,0
DA:249,0
DA:260,0
DA:265,0
DA:278,0
LF:92
LH:0
BRDA:47,0,0,0
BRDA:47,0,1,0
BRDA:68,1,0,0
BRDA:68,1,1,0
BRDA:68,2,0,0
BRDA:68,2,1,0
BRDA:68,2,2,0
BRDA:74,3,0,0
BRDA:74,3,1,0
BRDA:85,4,0,0
BRDA:85,4,1,0
BRDA:99,5,0,0
BRDA:99,5,1,0
BRDA:99,6,0,0
BRDA:99,6,1,0
BRDA:106,7,0,0
BRDA:106,7,1,0
BRDA:108,8,0,0
BRDA:108,8,1,0
BRDA:110,9,0,0
BRDA:110,9,1,0
BRDA:112,10,0,0
BRDA:112,10,1,0
BRDA:114,11,0,0
BRDA:114,11,1,0
BRDA:131,12,0,0
BRDA:131,12,1,0
BRDA:132,13,0,0
BRDA:132,13,1,0
BRDA:133,14,0,0
BRDA:133,14,1,0
BRDA:134,15,0,0
BRDA:134,15,1,0
BRDA:135,16,0,0
BRDA:135,16,1,0
BRDA:143,17,0,0
BRDA:143,17,1,0
BRDA:145,18,0,0
BRDA:145,18,1,0
BRDA:145,19,0,0
BRDA:145,19,1,0
BRDA:153,20,0,0
BRDA:153,20,1,0
BRDA:182,21,0,0
BRDA:182,21,1,0
BRDA:188,22,0,0
BRDA:188,22,1,0
BRDA:188,22,2,0
BRDA:200,23,0,0
BRDA:200,23,1,0
BRDA:203,24,0,0
BRDA:203,24,1,0
BRDA:206,25,0,0
BRDA:206,25,1,0
BRDA:209,26,0,0
BRDA:209,26,1,0
BRDA:217,27,0,0
BRDA:217,27,1,0
BRDA:220,28,0,0
BRDA:220,28,1,0
BRDA:224,29,0,0
BRDA:224,29,1,0
BRDA:238,30,0,0
BRDA:238,30,1,0
BRDA:245,31,0,0
BRDA:245,31,1,0
BRDA:254,32,0,0
BRDA:254,32,1,0
BRDA:257,33,0,0
BRDA:257,33,1,0
BRDA:259,34,0,0
BRDA:259,34,1,0
BRF:72
BRH:0
end_of_record
TN:
SF:components\Collapsible.tsx
FN:10,Collapsible
FN:18,(anonymous_1)
FN:18,(anonymous_2)
FNF:3
FNH:0
FNDA:0,Collapsible
FNDA:0,(anonymous_1)
FNDA:0,(anonymous_2)
DA:11,0
DA:12,0
DA:14,0
DA:18,0
DA:35,0
LF:5
LH:0
BRDA:12,0,0,0
BRDA:12,0,1,0
BRDA:24,1,0,0
BRDA:24,1,1,0
BRDA:25,2,0,0
BRDA:25,2,1,0
BRDA:30,3,0,0
BRDA:30,3,1,0
BRF:8
BRH:0
end_of_record
TN:
SF:components\ExternalLink.tsx
FN:8,ExternalLink
FN:14,(anonymous_1)
FNF:2
FNH:0
FNDA:0,ExternalLink
FNDA:0,(anonymous_1)
DA:9,0
DA:15,0
DA:17,0
DA:19,0
LF:4
LH:0
BRDA:15,0,0,0
BRDA:15,0,1,0
BRF:2
BRH:0
end_of_record
TN:
SF:components\HapticTab.tsx
FN:5,HapticTab
FN:9,(anonymous_1)
FNF:2
FNH:0
FNDA:0,HapticTab
FNDA:0,(anonymous_1)
DA:6,0
DA:10,0
DA:12,0
DA:14,0
LF:4
LH:0
BRDA:10,0,0,0
BRDA:10,0,1,0
BRF:2
BRH:0
end_of_record
TN:
SF:components\HelloWave.tsx
FN:4,HelloWave
FNF:1
FNH:0
FNDA:0,HelloWave
DA:5,0
DA:12,0
LF:2
LH:0
BRF:0
BRH:0
end_of_record
TN:
SF:components\MenuDropdown.tsx
FN:5,(anonymous_0)
FN:9,(anonymous_1)
FN:13,(anonymous_2)
FN:27,(anonymous_3)
FN:29,(anonymous_4)
FN:31,(anonymous_5)
FN:34,(anonymous_6)
FN:37,(anonymous_7)
FN:40,(anonymous_8)
FNF:9
FNH:0
FNDA:0,(anonymous_0)
FNDA:0,(anonymous_1)
FNDA:0,(anonymous_2)
FNDA:0,(anonymous_3)
FNDA:0,(anonymous_4)
FNDA:0,(anonymous_5)
FNDA:0,(anonymous_6)
FNDA:0,(anonymous_7)
FNDA:0,(anonymous_8)
DA:5,0
DA:6,0
DA:7,0
DA:9,0
DA:10,0
DA:13,0
DA:14,0
DA:15,0
DA:18,0
DA:27,0
DA:29,0
DA:31,0
DA:34,0
DA:37,0
DA:40,0
DA:50,0
LF:16
LH:0
BRF:0
BRH:0
end_of_record
TN:
SF:components\ParallaxScrollView.tsx
FN:21,ParallaxScrollView
FN:30,(anonymous_1)
FNF:2
FNH:0
FNDA:0,ParallaxScrollView
FNDA:0,(anonymous_1)
DA:14,0
DA:26,0
DA:27,0
DA:28,0
DA:29,0
DA:30,0
DA:31,0
DA:47,0
DA:68,0
LF:9
LH:0
BRDA:26,0,0,0
BRDA:26,0,1,0
BRF:2
BRH:0
end_of_record
TN:
SF:components\ThemedText.tsx
FN:11,ThemedText
FNF:1
FNH:0
FNDA:0,ThemedText
DA:18,0
DA:20,0
DA:36,0
LF:3
LH:0
BRDA:15,0,0,0
BRDA:24,1,0,0
BRDA:24,1,1,0
BRDA:25,2,0,0
BRDA:25,2,1,0
BRDA:26,3,0,0
BRDA:26,3,1,0
BRDA:27,4,0,0
BRDA:27,4,1,0
BRDA:28,5,0,0
BRDA:28,5,1,0
BRF:11
BRH:0
end_of_record
TN:
SF:components\ThemedView.tsx
FN:10,ThemedView
FNF:1
FNH:0
FNDA:0,ThemedView
DA:11,0
DA:13,0
LF:2
LH:0
BRF:0
BRH:0
end_of_record
TN:
SF:components\TonConnectButton.tsx
FN:4,TonConnectButtonComponent
FNF:1
FNH:0
FNDA:0,TonConnectButtonComponent
DA:5,0
LF:1
LH:0
BRF:0
BRH:0
end_of_record
TN:
SF:components\TonOrderComponent.tsx
FN:15,(anonymous_0)
FN:32,(anonymous_1)
FN:50,(anonymous_2)
FN:65,(anonymous_3)
FN:71,(anonymous_4)
FN:80,(anonymous_5)
FN:95,(anonymous_6)
FN:169,(anonymous_7)
FN:199,(anonymous_8)
FNF:9
FNH:0
FNDA:0,(anonymous_0)
FNDA:0,(anonymous_1)
FNDA:0,(anonymous_2)
FNDA:0,(anonymous_3)
FNDA:0,(anonymous_4)
FNDA:0,(anonymous_5)
FNDA:0,(anonymous_6)
FNDA:0,(anonymous_7)
FNDA:0,(anonymous_8)
DA:15,0
DA:24,0
DA:26,0
DA:27,0
DA:28,0
DA:29,0
DA:32,0
DA:33,0
DA:34,0
DA:35,0
DA:38,0
DA:43,0
DA:44,0
DA:51,0
DA:52,0
DA:53,0
DA:54,0
DA:60,0
DA:65,0
DA:66,0
DA:67,0
DA:71,0
DA:72,0
DA:81,0
DA:82,0
DA:83,0
DA:84,0
DA:86,0
DA:95,0
DA:96,0
DA:97,0
DA:100,0
DA:170,0
DA:199,0
DA:200,0
DA:202,0
DA:230,0
LF:37
LH:0
BRDA:33,0,0,0
BRDA:33,0,1,0
BRDA:33,1,0,0
BRDA:33,1,1,0
BRDA:43,2,0,0
BRDA:43,2,1,0
BRDA:43,3,0,0
BRDA:43,3,1,0
BRDA:60,4,0,0
BRDA:60,4,1,0
BRDA:82,5,0,0
BRDA:82,5,1,0
BRDA:86,6,0,0
BRDA:86,6,1,0
BRDA:138,7,0,0
BRDA:138,7,1,0
BRDA:143,8,0,0
BRDA:143,8,1,0
BRDA:149,9,0,0
BRDA:149,9,1,0
BRDA:166,10,0,0
BRDA:166,10,1,0
BRDA:206,11,0,0
BRDA:206,11,1,0
BRDA:208,12,0,0
BRDA:208,12,1,0
BRDA:212,13,0,0
BRDA:212,13,1,0
BRDA:214,14,0,0
BRDA:214,14,1,0
BRDA:217,15,0,0
BRDA:217,15,1,0
BRF:32
BRH:0
end_of_record
TN:
SF:components\ui\IconSymbol.tsx
FN:28,IconSymbol
FNF:1
FNH:0
FNDA:0,IconSymbol
DA:16,0
DA:40,0
LF:2
LH:0
BRDA:30,0,0,0
BRF:1
BRH:0
end_of_record
TN:
SF:components\ui\TabBarBackground.tsx
FN:4,useBottomTabOverflow
FNF:1
FNH:0
FNDA:0,useBottomTabOverflow
DA:5,0
LF:1
LH:0
BRF:0
BRH:0
end_of_record
TN:
SF:constants\Colors.ts
FNF:0
FNH:0
DA:6,0
DA:7,0
DA:9,0
LF:3
LH:0
BRF:0
BRH:0
end_of_record
TN:
SF:hooks\useColorScheme.ts
FNF:0
FNH:0
LF:0
LH:0
BRF:0
BRH:0
end_of_record
TN:
SF:hooks\useThemeColor.ts
FN:9,useThemeColor
FNF:1
FNH:0
FNDA:0,useThemeColor
DA:13,0
DA:14,0
DA:16,0
DA:17,0
DA:19,0
LF:5
LH:0
BRDA:13,0,0,0
BRDA:13,0,1,0
BRDA:16,1,0,0
BRDA:16,1,1,0
BRF:4
BRH:0
end_of_record
TN:
SF:hooks\useTonContract.ts
FN:29,(anonymous_0)
FN:41,(anonymous_1)
FN:52,(anonymous_2)
FN:63,(anonymous_3)
FN:74,(anonymous_4)
FN:89,(anonymous_5)
FN:100,(anonymous_6)
FN:105,(anonymous_7)
FN:110,(anonymous_8)
FN:130,(anonymous_9)
FN:134,(anonymous_10)
FN:146,(anonymous_11)
FN:151,(anonymous_12)
FN:162,(anonymous_13)
FN:166,(anonymous_14)
FN:176,(anonymous_15)
FNF:16
FNH:0
FNDA:0,(anonymous_0)
FNDA:0,(anonymous_1)
FNDA:0,(anonymous_2)
FNDA:0,(anonymous_3)
FNDA:0,(anonymous_4)
FNDA:0,(anonymous_5)
FNDA:0,(anonymous_6)
FNDA:0,(anonymous_7)
FNDA:0,(anonymous_8)
FNDA:0,(anonymous_9)
FNDA:0,(anonymous_10)
FNDA:0,(anonymous_11)
FNDA:0,(anonymous_12)
FNDA:0,(anonymous_13)
FNDA:0,(anonymous_14)
FNDA:0,(anonymous_15)
DA:29,0
DA:30,0
DA:31,0
DA:34,0
DA:41,0
DA:42,0
DA:43,0
DA:44,0
DA:45,0
DA:47,0
DA:52,0
DA:53,0
DA:54,0
DA:55,0
DA:56,0
DA:58,0
DA:63,0
DA:64,0
DA:65,0
DA:66,0
DA:67,0
DA:69,0
DA:74,0
DA:75,0
DA:76,0
DA:77,0
DA:78,0
DA:80,0
DA:82,0
DA:84,0
DA:89,0
DA:90,0
DA:91,0
DA:92,0
DA:93,0
DA:95,0
DA:100,0
DA:101,0
DA:105,0
DA:106,0
DA:110,0
DA:111,0
DA:114,0
DA:130,0
DA:131,0
DA:132,0
DA:134,0
DA:135,0
DA:137,0
DA:138,0
DA:139,0
DA:140,0
DA:142,0
DA:146,0
DA:147,0
DA:148,0
DA:150,0
DA:151,0
DA:155,0
DA:162,0
DA:163,0
DA:164,0
DA:166,0
DA:167,0
DA:168,0
DA:169,0
DA:170,0
DA:172,0
DA:176,0
DA:177,0
DA:180,0
LF:71
LH:0
BRDA:35,0,0,0
BRDA:35,0,1,0
BRDA:36,1,0,0
BRDA:36,1,1,0
BRDA:37,2,0,0
BRDA:37,2,1,0
BRDA:78,3,0,0
BRDA:78,3,1,0
BRDA:135,4,0,0
BRDA:135,4,1,0
BRDA:147,5,0,0
BRDA:147,5,1,0
BRF:12
BRH:0
end_of_record
TN:
SF:services\api.ts
FN:103,(anonymous_0)
FN:108,(anonymous_1)
FN:113,(anonymous_2)
FN:132,(anonymous_3)
FN:151,(anonymous_4)
FN:156,(anonymous_5)
FN:161,(anonymous_6)
FN:166,(anonymous_7)
FN:171,(anonymous_8)
FN:176,(anonymous_9)
FN:182,(anonymous_10)
FN:187,(anonymous_11)
FN:193,(anonymous_12)
FN:198,(anonymous_13)
FN:203,(anonymous_14)
FN:208,(anonymous_15)
FN:213,(anonymous_16)
FN:219,(anonymous_17)
FN:226,(anonymous_18)
FN:233,(anonymous_19)
FNF:20
FNH:0
FNDA:0,(anonymous_0)
FNDA:0,(anonymous_1)
FNDA:0,(anonymous_2)
FNDA:0,(anonymous_3)
FNDA:0,(anonymous_4)
FNDA:0,(anonymous_5)
FNDA:0,(anonymous_6)
FNDA:0,(anonymous_7)
FNDA:0,(anonymous_8)
FNDA:0,(anonymous_9)
FNDA:0,(anonymous_10)
FNDA:0,(anonymous_11)
FNDA:0,(anonymous_12)
FNDA:0,(anonymous_13)
FNDA:0,(anonymous_14)
FNDA:0,(anonymous_15)
FNDA:0,(anonymous_16)
FNDA:0,(anonymous_17)
FNDA:0,(anonymous_18)
FNDA:0,(anonymous_19)
DA:3,0
DA:95,0
DA:104,0
DA:105,0
DA:109,0
DA:110,0
DA:114,0
DA:115,0
DA:116,0
DA:117,0
DA:118,0
DA:119,0
DA:120,0
DA:121,0
DA:122,0
DA:124,0
DA:129,0
DA:133,0
DA:134,0
DA:135,0
DA:136,0
DA:137,0
DA:138,0
DA:139,0
DA:140,0
DA:141,0
DA:143,0
DA:148,0
DA:152,0
DA:157,0
DA:158,0
DA:162,0
DA:163,0
DA:167,0
DA:168,0
DA:172,0
DA:173,0
DA:177,0
DA:178,0
DA:183,0
DA:184,0
DA:188,0
DA:189,0
DA:194,0
DA:195,0
DA:199,0
DA:200,0
DA:204,0
DA:205,0
DA:209,0
DA:210,0
DA:214,0
DA:215,0
DA:220,0
DA:223,0
DA:227,0
DA:230,0
DA:234,0
DA:235,0
DA:239,0
LF:60
LH:0
BRDA:119,0,0,0
BRDA:119,0,1,0
BRDA:120,1,0,0
BRDA:120,1,1,0
BRDA:121,2,0,0
BRDA:121,2,1,0
BRDA:122,3,0,0
BRDA:122,3,1,0
BRDA:134,4,0,0
BRDA:134,4,1,0
BRDA:135,5,0,0
BRDA:135,5,1,0
BRDA:136,6,0,0
BRDA:136,6,1,0
BRDA:137,7,0,0
BRDA:137,7,1,0
BRDA:138,8,0,0
BRDA:138,8,1,0
BRDA:139,9,0,0
BRDA:139,9,1,0
BRDA:140,10,0,0
BRDA:140,10,1,0
BRDA:141,11,0,0
BRDA:141,11,1,0
BRF:24
BRH:0
end_of_record
TN:
SF:services\nowpaymentsapi.ts
FN:76,(anonymous_0)
FN:89,(anonymous_1)
FN:102,(anonymous_2)
FN:115,(anonymous_3)
FN:128,(anonymous_4)
FNF:5
FNH:0
FNDA:0,(anonymous_0)
FNDA:0,(anonymous_1)
FNDA:0,(anonymous_2)
FNDA:0,(anonymous_3)
FNDA:0,(anonymous_4)
DA:3,0
DA:4,0
DA:65,0
DA:77,0
DA:78,0
DA:79,0
DA:81,0
DA:82,0
DA:90,0
DA:91,0
DA:92,0
DA:94,0
DA:95,0
DA:103,0
DA:104,0
DA:105,0
DA:107,0
DA:108,0
DA:116,0
DA:117,0
DA:118,0
DA:120,0
DA:121,0
DA:133,0
DA:134,0
DA:137,0
DA:139,0
DA:140,0
DA:145,0
LF:29
LH:0
BRDA:3,0,0,0
BRDA:3,0,1,0
BRF:2
BRH:0
end_of_record
TN:
SF:services\sanityClient.ts
FN:14,urlFor
FN:18,getShopProducts
FN:32,(anonymous_2)
FN:42,getShopProductById
FNF:4
FNH:0
FNDA:0,urlFor
FNDA:0,getShopProducts
FNDA:0,(anonymous_2)
FNDA:0,getShopProductById
DA:4,0
DA:12,0
DA:15,0
DA:19,0
DA:30,0
DA:31,0
DA:32,0
DA:33,0
DA:34,0
DA:39,0
DA:43,0
DA:54,0
DA:55,0
DA:56,0
LF:14
LH:0
BRDA:33,0,0,0
BRDA:33,0,1,0
BRDA:55,1,0,0
BRDA:55,1,1,0
BRDA:58,2,0,0
BRDA:58,2,1,0
BRF:6
BRH:0
end_of_record
TN:
SF:services\tonService-updated.ts
FN:28,(anonymous_0)
FN:36,(anonymous_1)
FN:49,(anonymous_2)
FN:66,(anonymous_3)
FN:72,(anonymous_4)
FN:94,(anonymous_5)
FN:109,(anonymous_6)
FN:114,(anonymous_7)
FN:131,(anonymous_8)
FN:136,(anonymous_9)
FN:147,(anonymous_10)
FN:152,(anonymous_11)
FN:157,(anonymous_12)
FN:162,(anonymous_13)
FN:167,(anonymous_14)
FNF:15
FNH:0
FNDA:0,(anonymous_0)
FNDA:0,(anonymous_1)
FNDA:0,(anonymous_2)
FNDA:0,(anonymous_3)
FNDA:0,(anonymous_4)
FNDA:0,(anonymous_5)
FNDA:0,(anonymous_6)
FNDA:0,(anonymous_7)
FNDA:0,(anonymous_8)
FNDA:0,(anonymous_9)
FNDA:0,(anonymous_10)
FNDA:0,(anonymous_11)
FNDA:0,(anonymous_12)
FNDA:0,(anonymous_13)
FNDA:0,(anonymous_14)
DA:29,0
DA:30,0
DA:37,0
DA:40,0
DA:42,0
DA:49,0
DA:51,0
DA:56,0
DA:67,0
DA:69,0
DA:72,0
DA:75,0
DA:77,0
DA:83,0
DA:84,0
DA:95,0
DA:97,0
DA:98,0
DA:99,0
DA:101,0
DA:102,0
DA:110,0
DA:111,0
DA:114,0
DA:116,0
DA:121,0
DA:132,0
DA:133,0
DA:136,0
DA:139,0
DA:141,0
DA:142,0
DA:149,0
DA:154,0
DA:159,0
DA:164,0
DA:170,0
DA:175,0
DA:182,0
LF:39
LH:0
BRDA:30,0,0,0
BRDA:30,0,1,0
BRDA:58,1,0,0
BRDA:58,1,1,0
BRDA:80,2,0,0
BRDA:80,2,1,0
BRDA:123,3,0,0
BRDA:123,3,1,0
BRF:8
BRH:0
end_of_record
TN:
SF:services\tonService.ts
FN:28,(anonymous_0)
FN:36,(anonymous_1)
FN:89,(anonymous_2)
FN:133,(anonymous_3)
FN:157,(anonymous_4)
FN:199,(anonymous_5)
FN:220,(anonymous_6)
FN:232,(anonymous_7)
FN:237,(anonymous_8)
FN:242,(anonymous_9)
FN:247,(anonymous_10)
FN:252,(anonymous_11)
FNF:12
FNH:0
FNDA:0,(anonymous_0)
FNDA:0,(anonymous_1)
FNDA:0,(anonymous_2)
FNDA:0,(anonymous_3)
FNDA:0,(anonymous_4)
FNDA:0,(anonymous_5)
FNDA:0,(anonymous_6)
FNDA:0,(anonymous_7)
FNDA:0,(anonymous_8)
FNDA:0,(anonymous_9)
FNDA:0,(anonymous_10)
FNDA:0,(anonymous_11)
DA:29,0
DA:30,0
DA:37,0
DA:38,0
DA:65,0
DA:67,0
DA:68,0
DA:73,0
DA:79,0
DA:90,0
DA:91,0
DA:114,0
DA:116,0
DA:122,0
DA:123,0
DA:134,0
DA:135,0
DA:146,0
DA:147,0
DA:149,0
DA:150,0
DA:158,0
DA:159,0
DA:175,0
DA:177,0
DA:178,0
DA:183,0
DA:189,0
DA:200,0
DA:201,0
DA:219,0
DA:220,0
DA:226,0
DA:227,0
DA:234,0
DA:239,0
DA:244,0
DA:249,0
DA:255,0
DA:260,0
DA:267,0
LF:41
LH:0
BRDA:30,0,0,0
BRDA:30,0,1,0
BRDA:67,1,0,0
BRDA:67,1,1,0
BRDA:81,2,0,0
BRDA:81,2,1,0
BRDA:177,3,0,0
BRDA:177,3,1,0
BRDA:191,4,0,0
BRDA:191,4,1,0
BRF:10
BRH:0
end_of_record
TN:
SF:tests\test-utils.ts
FN:78,(anonymous_0)
FN:93,(anonymous_1)
FN:99,(anonymous_2)
FN:100,(anonymous_3)
FN:103,(anonymous_4)
FN:104,(anonymous_5)
FN:110,(anonymous_6)
FN:114,(anonymous_7)
FN:118,(anonymous_8)
FN:119,(anonymous_9)
FN:142,(anonymous_10)
FN:149,(anonymous_11)
FN:163,(anonymous_12)
FN:187,(anonymous_13)
FN:194,(anonymous_14)
FN:206,(anonymous_15)
FN:217,(anonymous_16)
FN:218,(anonymous_17)
FN:222,(anonymous_18)
FN:226,(anonymous_19)
FN:230,(anonymous_20)
FN:235,(anonymous_21)
FN:242,(anonymous_22)
FNF:23
FNH:0
FNDA:0,(anonymous_0)
FNDA:0,(anonymous_1)
FNDA:0,(anonymous_2)
FNDA:0,(anonymous_3)
FNDA:0,(anonymous_4)
FNDA:0,(anonymous_5)
FNDA:0,(anonymous_6)
FNDA:0,(anonymous_7)
FNDA:0,(anonymous_8)
FNDA:0,(anonymous_9)
FNDA:0,(anonymous_10)
FNDA:0,(anonymous_11)
FNDA:0,(anonymous_12)
FNDA:0,(anonymous_13)
FNDA:0,(anonymous_14)
FNDA:0,(anonymous_15)
FNDA:0,(anonymous_16)
FNDA:0,(anonymous_17)
FNDA:0,(anonymous_18)
FNDA:0,(anonymous_19)
FNDA:0,(anonymous_20)
FNDA:0,(anonymous_21)
FNDA:0,(anonymous_22)
DA:10,0
DA:53,0
DA:65,0
DA:71,0
DA:78,0
DA:93,0
DA:99,0
DA:100,0
DA:103,0
DA:104,0
DA:105,0
DA:110,0
DA:111,0
DA:114,0
DA:115,0
DA:118,0
DA:119,0
DA:135,0
DA:142,0
DA:143,0
DA:144,0
DA:145,0
DA:146,0
DA:149,0
DA:150,0
DA:151,0
DA:155,0
DA:163,0
DA:164,0
DA:169,0
DA:175,0
DA:179,0
DA:184,0
DA:187,0
DA:188,0
DA:189,0
DA:193,0
DA:194,0
DA:195,0
DA:196,0
DA:200,0
DA:206,0
DA:207,0
DA:211,0
DA:217,0
DA:218,0
DA:222,0
DA:223,0
DA:226,0
DA:227,0
DA:230,0
DA:231,0
DA:235,0
DA:236,0
DA:237,0
DA:238,0
DA:239,0
DA:242,0
DA:246,0
DA:247,0
LF:60
LH:0
BRDA:78,0,0,0
BRDA:93,1,0,0
BRDA:217,2,0,0
BRDA:222,3,0,0
BRDA:226,4,0,0
BRDA:230,5,0,0
BRF:6
BRH:0
end_of_record
